<!DOCTYPE html PUBLIC "-//W3C//DTD XHTML 1.1//EN" "https://www.w3.org/TR/xhtml11/DTD/xhtml11.dtd">
<html xmlns="https://www.w3.org/1999/xhtml">
<head>
<meta http-equiv="content-type" content="text/html; charset=UTF-8"/>
<title>TestNG Report</title>
<style type="text/css">table {margin-bottom:10px;border-collapse:collapse;empty-cells:show}th,td {border:1px solid #009;padding:.25em .5em}th {vertical-align:bottom}td {vertical-align:top}table a {font-weight:bold}.stripe td {background-color: #E6EBF9}.num {text-align:right}.passedodd td {background-color: #3F3}.passedeven td {background-color: #0A0}.skippedodd td {background-color: #DDD}.skippedeven td {background-color: #CCC}.failedodd td,.attn {background-color: #F33}.failedeven td,.stripe .attn {background-color: #D00}.stacktrace {white-space:pre;font-family:monospace}.totop {font-size:85%;text-align:center;border-bottom:2px solid #000}.invisible {display:none}</style>
</head>
<body>
<table>
<tr><th>Test</th><th># Passed</th><th># Skipped</th><th># Retried</th><th># Failed</th><th>Time (ms)</th><th>Included Groups</th><th>Excluded Groups</th></tr>
<tr><th colspan="8">Suite</th></tr>
<tr><td><a href="#t0">Test</a></td><td class="num">20</td><td class="num">0</td><td class="num">0</td><td class="num attn">12</td><td class="num">250,057</td><td></td><td></td></tr>
</table>
<table id='summary'><thead><tr><th>Class</th><th>Method</th><th>Start</th><th>Time (ms)</th></tr></thead><tbody><tr><th colspan="4">Suite</th></tr></tbody><tbody id="t0"><tr><th colspan="4">Test &#8212; failed</th></tr><tr class="failedeven"><td rowspan="2">com.studennrol.testscripts.EmpAllStudentPageTest</td><td><a href="#m0">studDetailsBtnVerify</a></td><td rowspan="1">1647705175628</td><td rowspan="1">12140</td></tr><tr class="failedeven"><td><a href="#m1">studMarkEnterBtnVerify</a></td><td rowspan="1">1647705188202</td><td rowspan="1">11062</td></tr><tr class="failedodd"><td rowspan="4">com.studennrol.testscripts.EmpMarkEntryPageTest</td><td><a href="#m2">verifyEENameTB</a></td><td rowspan="1">1647705199694</td><td rowspan="1">10052</td></tr><tr class="failedodd"><td><a href="#m3">verifyInvalidEEMarkTB</a></td><td rowspan="1">1647705220671</td><td rowspan="1">10055</td></tr><tr class="failedodd"><td><a href="#m4">verifyNullEEMarkTB</a></td><td rowspan="1">1647705231146</td><td rowspan="1">10058</td></tr><tr class="failedodd"><td><a href="#m5">verifyValidEEMarkTB</a></td><td rowspan="1">1647705210163</td><td rowspan="1">10042</td></tr><tr class="failedeven"><td rowspan="1">com.studennrol.testscripts.EmpProfileHomePgTest</td><td><a href="#m6">verifyProfileName</a></td><td rowspan="1">1647705171002</td><td rowspan="1">23</td></tr><tr class="failedodd"><td rowspan="3">com.studennrol.testscripts.EmpRegisterPageTest</td><td><a href="#m7">verifyRegistration</a></td><td rowspan="3">1647705125174</td><td rowspan="3">4895</td></tr><tr class="failedodd"><td><a href="#m8">verifyRegistration</a></td></tr><tr class="failedodd"><td><a href="#m9">verifyRegistration</a></td></tr><tr class="failedeven"><td rowspan="2">com.studennrol.testscripts.EmpStudDetailsPgTest</td><td><a href="#m10">studentMarkVerify</a></td><td rowspan="1">1647705252118</td><td rowspan="1">10068</td></tr><tr class="failedeven"><td><a href="#m11">studentNameVerify</a></td><td rowspan="1">1647705241635</td><td rowspan="1">10047</td></tr><tr><th colspan="4">Test &#8212; passed</th></tr><tr class="passedeven"><td rowspan="2">com.studennrol.testscripts.CoursePageTest</td><td><a href="#m12">verifyCourseSelect</a></td><td rowspan="1">1647705105761</td><td rowspan="1">8087</td></tr><tr class="passedeven"><td><a href="#m13">verifyLoginPage</a></td><td rowspan="1">1647705113848</td><td rowspan="1">1089</td></tr><tr class="passedodd"><td rowspan="7">com.studennrol.testscripts.EmpLoginPageTest</td><td><a href="#m14">verifyValidLoginStud</a></td><td rowspan="7">1647705167076</td><td rowspan="7">3925</td></tr><tr class="passedodd"><td><a href="#m15">verifyValidLoginStud</a></td></tr><tr class="passedodd"><td><a href="#m16">verifyValidLoginStud</a></td></tr><tr class="passedodd"><td><a href="#m17">verifyValidLoginStud</a></td></tr><tr class="passedodd"><td><a href="#m18">verifyValidLoginStud</a></td></tr><tr class="passedodd"><td><a href="#m19">verifyValidLoginStud</a></td></tr><tr class="passedodd"><td><a href="#m20">verifyValidLoginStud</a></td></tr><tr class="passedeven"><td rowspan="2">com.studennrol.testscripts.EmpProfileHomePgTest</td><td><a href="#m21">verifyEmpAllStudPg</a></td><td rowspan="1">1647705174229</td><td rowspan="1">1399</td></tr><tr class="passedeven"><td><a href="#m22">verifyHomeCourse</a></td><td rowspan="1">1647705171264</td><td rowspan="1">2963</td></tr><tr class="passedodd"><td rowspan="3">com.studennrol.testscripts.EmpRegisterPageTest</td><td><a href="#m23">verifyRegistration</a></td><td rowspan="3">1647705115600</td><td rowspan="3">4506</td></tr><tr class="passedodd"><td><a href="#m24">verifyRegistration</a></td></tr><tr class="passedodd"><td><a href="#m25">verifyRegistration</a></td></tr><tr class="passedeven"><td rowspan="1">com.studennrol.testscripts.EmpSearchPgTest</td><td><a href="#m26">studListDisp</a></td><td rowspan="1">1647705263743</td><td rowspan="1">83325</td></tr><tr class="passedodd"><td rowspan="1">com.studennrol.testscripts.EmpStudDetailsPgTest</td><td><a href="#m27">verifyEmpSearchPg</a></td><td rowspan="1">1647705262618</td><td rowspan="1">1124</td></tr><tr class="passedeven"><td rowspan="3">com.studennrol.testscripts.HomePageTest</td><td><a href="#m28">verifyCoursePage</a></td><td rowspan="1">1647705103895</td><td rowspan="1">1864</td></tr><tr class="passedeven"><td><a href="#m29">verifyGoThruCoursePage</a></td><td rowspan="1">1647705102365</td><td rowspan="1">1528</td></tr><tr class="passedeven"><td><a href="#m30">verifyHomePage</a></td><td rowspan="1">1647705100328</td><td rowspan="1">2033</td></tr><tr class="passedodd"><td rowspan="1">com.studennrol.testscripts.LoginPageTest</td><td><a href="#m31">verifyempSignupBtn</a></td><td rowspan="1">1647705114937</td><td rowspan="1">164</td></tr></tbody>
</table>
<h2>Test</h2><h3 id="m0">com.studennrol.testscripts.EmpAllStudentPageTest#studDetailsBtnVerify</h3><table class="result"><tr><th>Exception</th></tr><tr><td><div class="stacktrace">java.lang.AssertionError: expected [null] but found [Veena]
	at com.studennrol.testscripts.EmpAllStudentPageTest.studDetailsBtnVerify(EmpAllStudentPageTest.java:28)
	at java.base/java.util.ArrayList.forEach(ArrayList.java:1541)
... Removed 33 stack frames</div></td></tr></table><p class="totop"><a href="#summary">back to summary</a></p>
<h3 id="m1">com.studennrol.testscripts.EmpAllStudentPageTest#studMarkEnterBtnVerify</h3><table class="result"><tr><th>Exception</th></tr><tr><td><div class="stacktrace">java.lang.AssertionError: expected [null] but found [Veena]
	at com.studennrol.testscripts.EmpAllStudentPageTest.studMarkEnterBtnVerify(EmpAllStudentPageTest.java:38)
	at java.base/java.util.ArrayList.forEach(ArrayList.java:1541)
... Removed 33 stack frames</div></td></tr></table><p class="totop"><a href="#summary">back to summary</a></p>
<h3 id="m2">com.studennrol.testscripts.EmpMarkEntryPageTest#verifyEENameTB</h3><table class="result"><tr><th>Exception</th></tr><tr><td><div class="stacktrace">org.openqa.selenium.NoSuchElementException: no such element: Unable to locate element: {&quot;method&quot;:&quot;xpath&quot;,&quot;selector&quot;:&quot;//label[text()=&apos;Name&apos;]//following::input[@name=&apos;name&apos;]&quot;}
  (Session info: chrome=99.0.4844.74)
For documentation on this error, please visit: https://www.seleniumhq.org/exceptions/no_such_element.html
Build info: version: &apos;3.141.59&apos;, revision: &apos;e82be7d358&apos;, time: &apos;2018-11-14T08:25:53&apos;
System info: host: &apos;DEEPTI&apos;, ip: &apos;192.168.29.192&apos;, os.name: &apos;Windows 10&apos;, os.arch: &apos;amd64&apos;, os.version: &apos;10.0&apos;, java.version: &apos;11.0.13&apos;
Driver info: org.openqa.selenium.chrome.ChromeDriver
Capabilities {acceptInsecureCerts: false, browserName: chrome, browserVersion: 99.0.4844.74, chrome: {chromedriverVersion: 98.0.4758.102 (273bf7ac8c90..., userDataDir: C:\Users\anilc\AppData\Loca...}, goog:chromeOptions: {debuggerAddress: localhost:50312}, javascriptEnabled: true, networkConnectionEnabled: false, pageLoadStrategy: normal, platform: WINDOWS, platformName: WINDOWS, proxy: Proxy(), setWindowRect: true, strictFileInteractability: false, timeouts: {implicit: 0, pageLoad: 300000, script: 30000}, unhandledPromptBehavior: dismiss and notify, webauthn:extension:credBlob: true, webauthn:extension:largeBlob: true, webauthn:virtualAuthenticators: true}
Session ID: dbdac60d7bce4893923cefba92811254
*** Element info: {Using=xpath, value=//label[text()=&apos;Name&apos;]//following::input[@name=&apos;name&apos;]}
	at org.openqa.selenium.remote.http.W3CHttpResponseCodec.createException(W3CHttpResponseCodec.java:187)
	at org.openqa.selenium.remote.http.W3CHttpResponseCodec.decode(W3CHttpResponseCodec.java:122)
	at org.openqa.selenium.remote.http.W3CHttpResponseCodec.decode(W3CHttpResponseCodec.java:49)
	at org.openqa.selenium.remote.HttpCommandExecutor.execute(HttpCommandExecutor.java:158)
	at org.openqa.selenium.remote.service.DriverCommandExecutor.execute(DriverCommandExecutor.java:83)
	at org.openqa.selenium.remote.RemoteWebDriver.execute(RemoteWebDriver.java:552)
	at org.openqa.selenium.remote.RemoteWebDriver.findElement(RemoteWebDriver.java:323)
	at org.openqa.selenium.remote.RemoteWebDriver.findElementByXPath(RemoteWebDriver.java:428)
	at org.openqa.selenium.By$ByXPath.findElement(By.java:353)
	at org.openqa.selenium.remote.RemoteWebDriver.findElement(RemoteWebDriver.java:315)
	at org.openqa.selenium.support.pagefactory.DefaultElementLocator.findElement(DefaultElementLocator.java:69)
	at org.openqa.selenium.support.pagefactory.internal.LocatingElementHandler.invoke(LocatingElementHandler.java:38)
	at com.sun.proxy.$Proxy14.isEnabled(Unknown Source)
	at com.studenrol.pages.EmpMarkEntryPage.sNameTB(EmpMarkEntryPage.java:41)
	at com.studennrol.testscripts.EmpMarkEntryPageTest.verifyEENameTB(EmpMarkEntryPageTest.java:22)
	at java.base/java.util.ArrayList.forEach(ArrayList.java:1541)
... Removed 31 stack frames</div></td></tr></table><p class="totop"><a href="#summary">back to summary</a></p>
<h3 id="m3">com.studennrol.testscripts.EmpMarkEntryPageTest#verifyInvalidEEMarkTB</h3><table class="result"><tr><th>Exception</th></tr><tr><td><div class="stacktrace">org.openqa.selenium.NoSuchElementException: no such element: Unable to locate element: {&quot;method&quot;:&quot;xpath&quot;,&quot;selector&quot;:&quot;//input[@name=&apos;techtraining&apos;]&quot;}
  (Session info: chrome=99.0.4844.74)
For documentation on this error, please visit: https://www.seleniumhq.org/exceptions/no_such_element.html
Build info: version: &apos;3.141.59&apos;, revision: &apos;e82be7d358&apos;, time: &apos;2018-11-14T08:25:53&apos;
System info: host: &apos;DEEPTI&apos;, ip: &apos;192.168.29.192&apos;, os.name: &apos;Windows 10&apos;, os.arch: &apos;amd64&apos;, os.version: &apos;10.0&apos;, java.version: &apos;11.0.13&apos;
Driver info: org.openqa.selenium.chrome.ChromeDriver
Capabilities {acceptInsecureCerts: false, browserName: chrome, browserVersion: 99.0.4844.74, chrome: {chromedriverVersion: 98.0.4758.102 (273bf7ac8c90..., userDataDir: C:\Users\anilc\AppData\Loca...}, goog:chromeOptions: {debuggerAddress: localhost:50312}, javascriptEnabled: true, networkConnectionEnabled: false, pageLoadStrategy: normal, platform: WINDOWS, platformName: WINDOWS, proxy: Proxy(), setWindowRect: true, strictFileInteractability: false, timeouts: {implicit: 0, pageLoad: 300000, script: 30000}, unhandledPromptBehavior: dismiss and notify, webauthn:extension:credBlob: true, webauthn:extension:largeBlob: true, webauthn:virtualAuthenticators: true}
Session ID: dbdac60d7bce4893923cefba92811254
*** Element info: {Using=xpath, value=//input[@name=&apos;techtraining&apos;]}
	at org.openqa.selenium.remote.http.W3CHttpResponseCodec.createException(W3CHttpResponseCodec.java:187)
	at org.openqa.selenium.remote.http.W3CHttpResponseCodec.decode(W3CHttpResponseCodec.java:122)
	at org.openqa.selenium.remote.http.W3CHttpResponseCodec.decode(W3CHttpResponseCodec.java:49)
	at org.openqa.selenium.remote.HttpCommandExecutor.execute(HttpCommandExecutor.java:158)
	at org.openqa.selenium.remote.service.DriverCommandExecutor.execute(DriverCommandExecutor.java:83)
	at org.openqa.selenium.remote.RemoteWebDriver.execute(RemoteWebDriver.java:552)
	at org.openqa.selenium.remote.RemoteWebDriver.findElement(RemoteWebDriver.java:323)
	at org.openqa.selenium.remote.RemoteWebDriver.findElementByXPath(RemoteWebDriver.java:428)
	at org.openqa.selenium.By$ByXPath.findElement(By.java:353)
	at org.openqa.selenium.remote.RemoteWebDriver.findElement(RemoteWebDriver.java:315)
	at org.openqa.selenium.support.pagefactory.DefaultElementLocator.findElement(DefaultElementLocator.java:69)
	at org.openqa.selenium.support.pagefactory.internal.LocatingElementHandler.invoke(LocatingElementHandler.java:38)
	at com.sun.proxy.$Proxy14.isEnabled(Unknown Source)
	at com.studenrol.pages.EmpMarkEntryPage.sEEMarkInvalidTB(EmpMarkEntryPage.java:83)
	at com.studennrol.testscripts.EmpMarkEntryPageTest.verifyInvalidEEMarkTB(EmpMarkEntryPageTest.java:44)
	at java.base/java.util.ArrayList.forEach(ArrayList.java:1541)
... Removed 31 stack frames</div></td></tr></table><p class="totop"><a href="#summary">back to summary</a></p>
<h3 id="m4">com.studennrol.testscripts.EmpMarkEntryPageTest#verifyNullEEMarkTB</h3><table class="result"><tr><th>Exception</th></tr><tr><td><div class="stacktrace">org.openqa.selenium.NoSuchElementException: no such element: Unable to locate element: {&quot;method&quot;:&quot;xpath&quot;,&quot;selector&quot;:&quot;//input[@name=&apos;techtraining&apos;]&quot;}
  (Session info: chrome=99.0.4844.74)
For documentation on this error, please visit: https://www.seleniumhq.org/exceptions/no_such_element.html
Build info: version: &apos;3.141.59&apos;, revision: &apos;e82be7d358&apos;, time: &apos;2018-11-14T08:25:53&apos;
System info: host: &apos;DEEPTI&apos;, ip: &apos;192.168.29.192&apos;, os.name: &apos;Windows 10&apos;, os.arch: &apos;amd64&apos;, os.version: &apos;10.0&apos;, java.version: &apos;11.0.13&apos;
Driver info: org.openqa.selenium.chrome.ChromeDriver
Capabilities {acceptInsecureCerts: false, browserName: chrome, browserVersion: 99.0.4844.74, chrome: {chromedriverVersion: 98.0.4758.102 (273bf7ac8c90..., userDataDir: C:\Users\anilc\AppData\Loca...}, goog:chromeOptions: {debuggerAddress: localhost:50312}, javascriptEnabled: true, networkConnectionEnabled: false, pageLoadStrategy: normal, platform: WINDOWS, platformName: WINDOWS, proxy: Proxy(), setWindowRect: true, strictFileInteractability: false, timeouts: {implicit: 0, pageLoad: 300000, script: 30000}, unhandledPromptBehavior: dismiss and notify, webauthn:extension:credBlob: true, webauthn:extension:largeBlob: true, webauthn:virtualAuthenticators: true}
Session ID: dbdac60d7bce4893923cefba92811254
*** Element info: {Using=xpath, value=//input[@name=&apos;techtraining&apos;]}
	at org.openqa.selenium.remote.http.W3CHttpResponseCodec.createException(W3CHttpResponseCodec.java:187)
	at org.openqa.selenium.remote.http.W3CHttpResponseCodec.decode(W3CHttpResponseCodec.java:122)
	at org.openqa.selenium.remote.http.W3CHttpResponseCodec.decode(W3CHttpResponseCodec.java:49)
	at org.openqa.selenium.remote.HttpCommandExecutor.execute(HttpCommandExecutor.java:158)
	at org.openqa.selenium.remote.service.DriverCommandExecutor.execute(DriverCommandExecutor.java:83)
	at org.openqa.selenium.remote.RemoteWebDriver.execute(RemoteWebDriver.java:552)
	at org.openqa.selenium.remote.RemoteWebDriver.findElement(RemoteWebDriver.java:323)
	at org.openqa.selenium.remote.RemoteWebDriver.findElementByXPath(RemoteWebDriver.java:428)
	at org.openqa.selenium.By$ByXPath.findElement(By.java:353)
	at org.openqa.selenium.remote.RemoteWebDriver.findElement(RemoteWebDriver.java:315)
	at org.openqa.selenium.support.pagefactory.DefaultElementLocator.findElement(DefaultElementLocator.java:69)
	at org.openqa.selenium.support.pagefactory.internal.LocatingElementHandler.invoke(LocatingElementHandler.java:38)
	at com.sun.proxy.$Proxy14.isEnabled(Unknown Source)
	at com.studenrol.pages.EmpMarkEntryPage.sEEMarkInvalidTB(EmpMarkEntryPage.java:83)
	at com.studennrol.testscripts.EmpMarkEntryPageTest.verifyNullEEMarkTB(EmpMarkEntryPageTest.java:56)
	at java.base/java.util.ArrayList.forEach(ArrayList.java:1541)
... Removed 31 stack frames</div></td></tr></table><p class="totop"><a href="#summary">back to summary</a></p>
<h3 id="m5">com.studennrol.testscripts.EmpMarkEntryPageTest#verifyValidEEMarkTB</h3><table class="result"><tr><th>Exception</th></tr><tr><td><div class="stacktrace">org.openqa.selenium.NoSuchElementException: no such element: Unable to locate element: {&quot;method&quot;:&quot;xpath&quot;,&quot;selector&quot;:&quot;//input[@name=&apos;techtraining&apos;]&quot;}
  (Session info: chrome=99.0.4844.74)
For documentation on this error, please visit: https://www.seleniumhq.org/exceptions/no_such_element.html
Build info: version: &apos;3.141.59&apos;, revision: &apos;e82be7d358&apos;, time: &apos;2018-11-14T08:25:53&apos;
System info: host: &apos;DEEPTI&apos;, ip: &apos;192.168.29.192&apos;, os.name: &apos;Windows 10&apos;, os.arch: &apos;amd64&apos;, os.version: &apos;10.0&apos;, java.version: &apos;11.0.13&apos;
Driver info: org.openqa.selenium.chrome.ChromeDriver
Capabilities {acceptInsecureCerts: false, browserName: chrome, browserVersion: 99.0.4844.74, chrome: {chromedriverVersion: 98.0.4758.102 (273bf7ac8c90..., userDataDir: C:\Users\anilc\AppData\Loca...}, goog:chromeOptions: {debuggerAddress: localhost:50312}, javascriptEnabled: true, networkConnectionEnabled: false, pageLoadStrategy: normal, platform: WINDOWS, platformName: WINDOWS, proxy: Proxy(), setWindowRect: true, strictFileInteractability: false, timeouts: {implicit: 0, pageLoad: 300000, script: 30000}, unhandledPromptBehavior: dismiss and notify, webauthn:extension:credBlob: true, webauthn:extension:largeBlob: true, webauthn:virtualAuthenticators: true}
Session ID: dbdac60d7bce4893923cefba92811254
*** Element info: {Using=xpath, value=//input[@name=&apos;techtraining&apos;]}
	at org.openqa.selenium.remote.http.W3CHttpResponseCodec.createException(W3CHttpResponseCodec.java:187)
	at org.openqa.selenium.remote.http.W3CHttpResponseCodec.decode(W3CHttpResponseCodec.java:122)
	at org.openqa.selenium.remote.http.W3CHttpResponseCodec.decode(W3CHttpResponseCodec.java:49)
	at org.openqa.selenium.remote.HttpCommandExecutor.execute(HttpCommandExecutor.java:158)
	at org.openqa.selenium.remote.service.DriverCommandExecutor.execute(DriverCommandExecutor.java:83)
	at org.openqa.selenium.remote.RemoteWebDriver.execute(RemoteWebDriver.java:552)
	at org.openqa.selenium.remote.RemoteWebDriver.findElement(RemoteWebDriver.java:323)
	at org.openqa.selenium.remote.RemoteWebDriver.findElementByXPath(RemoteWebDriver.java:428)
	at org.openqa.selenium.By$ByXPath.findElement(By.java:353)
	at org.openqa.selenium.remote.RemoteWebDriver.findElement(RemoteWebDriver.java:315)
	at org.openqa.selenium.support.pagefactory.DefaultElementLocator.findElement(DefaultElementLocator.java:69)
	at org.openqa.selenium.support.pagefactory.internal.LocatingElementHandler.invoke(LocatingElementHandler.java:38)
	at com.sun.proxy.$Proxy14.isEnabled(Unknown Source)
	at com.studenrol.pages.EmpMarkEntryPage.sEEMarkValidTB(EmpMarkEntryPage.java:72)
	at com.studennrol.testscripts.EmpMarkEntryPageTest.verifyValidEEMarkTB(EmpMarkEntryPageTest.java:33)
	at java.base/java.util.ArrayList.forEach(ArrayList.java:1541)
... Removed 31 stack frames</div></td></tr></table><p class="totop"><a href="#summary">back to summary</a></p>
<h3 id="m6">com.studennrol.testscripts.EmpProfileHomePgTest#verifyProfileName</h3><table class="result"><tr><th>Exception</th></tr><tr><td><div class="stacktrace">java.lang.AssertionError: expected [Login Successful, but Username of that loggedIn employee should be present in the Welcome Note] but found [false]
	at com.studennrol.testscripts.EmpProfileHomePgTest.verifyProfileName(EmpProfileHomePgTest.java:36)
	at java.base/java.util.ArrayList.forEach(ArrayList.java:1541)
... Removed 32 stack frames</div></td></tr></table><p class="totop"><a href="#summary">back to summary</a></p>
<h3 id="m7">com.studennrol.testscripts.EmpRegisterPageTest#verifyRegistration</h3><table class="result"><tr class="param"><th>Parameter #1</th><th>Parameter #2</th><th>Parameter #3</th><th>Parameter #4</th><th>Parameter #5</th></tr><tr class="param stripe"><td>A</td><td>arun12@gmail.com</td><td>Arun1234@</td><td>T</td><td>Invalid</td></tr><tr><th colspan="5">Exception</th></tr><tr><td colspan="5"><div class="stacktrace">java.lang.AssertionError: Not validating NAME &amp; Role in Registration Form expected [true] but found [false]
	at com.studennrol.testscripts.EmpRegisterPageTest.verifyRegistration(EmpRegisterPageTest.java:43)
	at java.base/java.util.ArrayList.forEach(ArrayList.java:1541)
... Removed 30 stack frames</div></td></tr></table><p class="totop"><a href="#summary">back to summary</a></p>
<h3 id="m8">com.studennrol.testscripts.EmpRegisterPageTest#verifyRegistration</h3><table class="result"><tr class="param"><th>Parameter #1</th><th>Parameter #2</th><th>Parameter #3</th><th>Parameter #4</th><th>Parameter #5</th></tr><tr class="param stripe"><td>#</td><td>arun12@gmail.com</td><td>Arun1234@</td><td>^</td><td>Invalid</td></tr><tr><th colspan="5">Exception</th></tr><tr><td colspan="5"><div class="stacktrace">java.lang.AssertionError: Not validating NAME &amp; Role in Registration Form expected [true] but found [false]
	at com.studennrol.testscripts.EmpRegisterPageTest.verifyRegistration(EmpRegisterPageTest.java:43)
	at java.base/java.util.ArrayList.forEach(ArrayList.java:1541)
... Removed 30 stack frames</div></td></tr></table><p class="totop"><a href="#summary">back to summary</a></p>
<h3 id="m9">com.studennrol.testscripts.EmpRegisterPageTest#verifyRegistration</h3><table class="result"><tr class="param"><th>Parameter #1</th><th>Parameter #2</th><th>Parameter #3</th><th>Parameter #4</th><th>Parameter #5</th></tr><tr class="param stripe"><td>^1</td><td>arun12@gmail.com</td><td>Arun1234@</td><td>A2</td><td>Invalid</td></tr><tr><th colspan="5">Exception</th></tr><tr><td colspan="5"><div class="stacktrace">java.lang.AssertionError: Not validating NAME &amp; Role in Registration Form expected [true] but found [false]
	at com.studennrol.testscripts.EmpRegisterPageTest.verifyRegistration(EmpRegisterPageTest.java:43)
	at java.base/java.util.ArrayList.forEach(ArrayList.java:1541)
... Removed 30 stack frames</div></td></tr></table><p class="totop"><a href="#summary">back to summary</a></p>
<h3 id="m10">com.studennrol.testscripts.EmpStudDetailsPgTest#studentMarkVerify</h3><table class="result"><tr><th>Exception</th></tr><tr><td><div class="stacktrace">org.openqa.selenium.NoSuchElementException: no such element: Unable to locate element: {&quot;method&quot;:&quot;xpath&quot;,&quot;selector&quot;:&quot;//div[@class=&apos;col-lg-4&apos;]//descendant::h3&quot;}
  (Session info: chrome=99.0.4844.74)
For documentation on this error, please visit: https://www.seleniumhq.org/exceptions/no_such_element.html
Build info: version: &apos;3.141.59&apos;, revision: &apos;e82be7d358&apos;, time: &apos;2018-11-14T08:25:53&apos;
System info: host: &apos;DEEPTI&apos;, ip: &apos;192.168.29.192&apos;, os.name: &apos;Windows 10&apos;, os.arch: &apos;amd64&apos;, os.version: &apos;10.0&apos;, java.version: &apos;11.0.13&apos;
Driver info: org.openqa.selenium.chrome.ChromeDriver
Capabilities {acceptInsecureCerts: false, browserName: chrome, browserVersion: 99.0.4844.74, chrome: {chromedriverVersion: 98.0.4758.102 (273bf7ac8c90..., userDataDir: C:\Users\anilc\AppData\Loca...}, goog:chromeOptions: {debuggerAddress: localhost:50312}, javascriptEnabled: true, networkConnectionEnabled: false, pageLoadStrategy: normal, platform: WINDOWS, platformName: WINDOWS, proxy: Proxy(), setWindowRect: true, strictFileInteractability: false, timeouts: {implicit: 0, pageLoad: 300000, script: 30000}, unhandledPromptBehavior: dismiss and notify, webauthn:extension:credBlob: true, webauthn:extension:largeBlob: true, webauthn:virtualAuthenticators: true}
Session ID: dbdac60d7bce4893923cefba92811254
*** Element info: {Using=xpath, value=//div[@class=&apos;col-lg-4&apos;]//descendant::h3}
	at org.openqa.selenium.remote.http.W3CHttpResponseCodec.createException(W3CHttpResponseCodec.java:187)
	at org.openqa.selenium.remote.http.W3CHttpResponseCodec.decode(W3CHttpResponseCodec.java:122)
	at org.openqa.selenium.remote.http.W3CHttpResponseCodec.decode(W3CHttpResponseCodec.java:49)
	at org.openqa.selenium.remote.HttpCommandExecutor.execute(HttpCommandExecutor.java:158)
	at org.openqa.selenium.remote.service.DriverCommandExecutor.execute(DriverCommandExecutor.java:83)
	at org.openqa.selenium.remote.RemoteWebDriver.execute(RemoteWebDriver.java:552)
	at org.openqa.selenium.remote.RemoteWebDriver.findElement(RemoteWebDriver.java:323)
	at org.openqa.selenium.remote.RemoteWebDriver.findElementByXPath(RemoteWebDriver.java:428)
	at org.openqa.selenium.By$ByXPath.findElement(By.java:353)
	at org.openqa.selenium.remote.RemoteWebDriver.findElement(RemoteWebDriver.java:315)
	at org.openqa.selenium.support.pagefactory.DefaultElementLocator.findElement(DefaultElementLocator.java:69)
	at org.openqa.selenium.support.pagefactory.internal.LocatingElementHandler.invoke(LocatingElementHandler.java:38)
	at com.sun.proxy.$Proxy14.getText(Unknown Source)
	at com.studenrol.pages.EmpStudDetailsPage.detailStudName(EmpStudDetailsPage.java:55)
	at com.studennrol.testscripts.EmpStudDetailsPgTest.studentMarkVerify(EmpStudDetailsPgTest.java:42)
	at java.base/java.util.ArrayList.forEach(ArrayList.java:1541)
... Removed 31 stack frames</div></td></tr></table><p class="totop"><a href="#summary">back to summary</a></p>
<h3 id="m11">com.studennrol.testscripts.EmpStudDetailsPgTest#studentNameVerify</h3><table class="result"><tr><th>Exception</th></tr><tr><td><div class="stacktrace">org.openqa.selenium.NoSuchElementException: no such element: Unable to locate element: {&quot;method&quot;:&quot;xpath&quot;,&quot;selector&quot;:&quot;//div[@class=&apos;col-lg-4&apos;]//descendant::h3&quot;}
  (Session info: chrome=99.0.4844.74)
For documentation on this error, please visit: https://www.seleniumhq.org/exceptions/no_such_element.html
Build info: version: &apos;3.141.59&apos;, revision: &apos;e82be7d358&apos;, time: &apos;2018-11-14T08:25:53&apos;
System info: host: &apos;DEEPTI&apos;, ip: &apos;192.168.29.192&apos;, os.name: &apos;Windows 10&apos;, os.arch: &apos;amd64&apos;, os.version: &apos;10.0&apos;, java.version: &apos;11.0.13&apos;
Driver info: org.openqa.selenium.chrome.ChromeDriver
Capabilities {acceptInsecureCerts: false, browserName: chrome, browserVersion: 99.0.4844.74, chrome: {chromedriverVersion: 98.0.4758.102 (273bf7ac8c90..., userDataDir: C:\Users\anilc\AppData\Loca...}, goog:chromeOptions: {debuggerAddress: localhost:50312}, javascriptEnabled: true, networkConnectionEnabled: false, pageLoadStrategy: normal, platform: WINDOWS, platformName: WINDOWS, proxy: Proxy(), setWindowRect: true, strictFileInteractability: false, timeouts: {implicit: 0, pageLoad: 300000, script: 30000}, unhandledPromptBehavior: dismiss and notify, webauthn:extension:credBlob: true, webauthn:extension:largeBlob: true, webauthn:virtualAuthenticators: true}
Session ID: dbdac60d7bce4893923cefba92811254
*** Element info: {Using=xpath, value=//div[@class=&apos;col-lg-4&apos;]//descendant::h3}
	at org.openqa.selenium.remote.http.W3CHttpResponseCodec.createException(W3CHttpResponseCodec.java:187)
	at org.openqa.selenium.remote.http.W3CHttpResponseCodec.decode(W3CHttpResponseCodec.java:122)
	at org.openqa.selenium.remote.http.W3CHttpResponseCodec.decode(W3CHttpResponseCodec.java:49)
	at org.openqa.selenium.remote.HttpCommandExecutor.execute(HttpCommandExecutor.java:158)
	at org.openqa.selenium.remote.service.DriverCommandExecutor.execute(DriverCommandExecutor.java:83)
	at org.openqa.selenium.remote.RemoteWebDriver.execute(RemoteWebDriver.java:552)
	at org.openqa.selenium.remote.RemoteWebDriver.findElement(RemoteWebDriver.java:323)
	at org.openqa.selenium.remote.RemoteWebDriver.findElementByXPath(RemoteWebDriver.java:428)
	at org.openqa.selenium.By$ByXPath.findElement(By.java:353)
	at org.openqa.selenium.remote.RemoteWebDriver.findElement(RemoteWebDriver.java:315)
	at org.openqa.selenium.support.pagefactory.DefaultElementLocator.findElement(DefaultElementLocator.java:69)
	at org.openqa.selenium.support.pagefactory.internal.LocatingElementHandler.invoke(LocatingElementHandler.java:38)
	at com.sun.proxy.$Proxy14.getText(Unknown Source)
	at com.studenrol.pages.EmpStudDetailsPage.detailStudName(EmpStudDetailsPage.java:55)
	at com.studennrol.testscripts.EmpStudDetailsPgTest.studentNameVerify(EmpStudDetailsPgTest.java:23)
	at java.base/java.util.ArrayList.forEach(ArrayList.java:1541)
... Removed 31 stack frames</div></td></tr></table><p class="totop"><a href="#summary">back to summary</a></p>
<h3 id="m12">com.studennrol.testscripts.CoursePageTest#verifyCourseSelect</h3><table class="result"><tr><th class="invisible"/></tr></table><p class="totop"><a href="#summary">back to summary</a></p>
<h3 id="m13">com.studennrol.testscripts.CoursePageTest#verifyLoginPage</h3><table class="result"><tr><th class="invisible"/></tr></table><p class="totop"><a href="#summary">back to summary</a></p>
<h3 id="m14">com.studennrol.testscripts.EmpLoginPageTest#verifyValidLoginStud</h3><table class="result"><tr class="param"><th>Parameter #1</th><th>Parameter #2</th><th>Parameter #3</th><th>Parameter #4</th></tr><tr class="param stripe"><td>aswinm0808@gmail.com</td><td>Aswin0808@</td><td>Employee</td><td>Valid</td></tr></table><p class="totop"><a href="#summary">back to summary</a></p>
<h3 id="m15">com.studennrol.testscripts.EmpLoginPageTest#verifyValidLoginStud</h3><table class="result"><tr class="param"><th>Parameter #1</th><th>Parameter #2</th><th>Parameter #3</th><th>Parameter #4</th></tr><tr class="param stripe"><td>aswinm0808@gmail.com</td><td>Aswin0808@</td><td>Student</td><td>Invalid</td></tr></table><p class="totop"><a href="#summary">back to summary</a></p>
<h3 id="m16">com.studennrol.testscripts.EmpLoginPageTest#verifyValidLoginStud</h3><table class="result"><tr class="param"><th>Parameter #1</th><th>Parameter #2</th><th>Parameter #3</th><th>Parameter #4</th></tr><tr class="param stripe"><td>nilasp0808@gmail.com</td><td>Nila0808@</td><td>Employee</td><td>Invalid</td></tr></table><p class="totop"><a href="#summary">back to summary</a></p>
<h3 id="m17">com.studennrol.testscripts.EmpLoginPageTest#verifyValidLoginStud</h3><table class="result"><tr class="param"><th>Parameter #1</th><th>Parameter #2</th><th>Parameter #3</th><th>Parameter #4</th></tr><tr class="param stripe"><td>aswinm0808@gmail.com</td><td>Aswin0808@</td><td>Admin</td><td>Invalid</td></tr></table><p class="totop"><a href="#summary">back to summary</a></p>
<h3 id="m18">com.studennrol.testscripts.EmpLoginPageTest#verifyValidLoginStud</h3><table class="result"><tr class="param"><th>Parameter #1</th><th>Parameter #2</th><th>Parameter #3</th><th>Parameter #4</th></tr><tr class="param stripe"><td>aswinm0808@gmail.com</td><td>Aswin08568</td><td>Employee</td><td>Invalid</td></tr></table><p class="totop"><a href="#summary">back to summary</a></p>
<h3 id="m19">com.studennrol.testscripts.EmpLoginPageTest#verifyValidLoginStud</h3><table class="result"><tr class="param"><th>Parameter #1</th><th>Parameter #2</th><th>Parameter #3</th><th>Parameter #4</th></tr><tr class="param stripe"><td>aswin@gmail.com</td><td>Aswin0808@</td><td>Employee</td><td>Invalid</td></tr></table><p class="totop"><a href="#summary">back to summary</a></p>
<h3 id="m20">com.studennrol.testscripts.EmpLoginPageTest#verifyValidLoginStud</h3><table class="result"><tr class="param"><th>Parameter #1</th><th>Parameter #2</th><th>Parameter #3</th><th>Parameter #4</th></tr><tr class="param stripe"><td>aswin@gmail.com</td><td>Aswin08568</td><td>Employee</td><td>Invalid</td></tr></table><p class="totop"><a href="#summary">back to summary</a></p>
<h3 id="m21">com.studennrol.testscripts.EmpProfileHomePgTest#verifyEmpAllStudPg</h3><table class="result"><tr><th class="invisible"/></tr></table><p class="totop"><a href="#summary">back to summary</a></p>
<h3 id="m22">com.studennrol.testscripts.EmpProfileHomePgTest#verifyHomeCourse</h3><table class="result"><tr><th class="invisible"/></tr></table><p class="totop"><a href="#summary">back to summary</a></p>
<h3 id="m23">com.studennrol.testscripts.EmpRegisterPageTest#verifyRegistration</h3><table class="result"><tr class="param"><th>Parameter #1</th><th>Parameter #2</th><th>Parameter #3</th><th>Parameter #4</th><th>Parameter #5</th></tr><tr class="param stripe"><td> </td><td> </td><td> </td><td> </td><td>Invalid</td></tr></table><p class="totop"><a href="#summary">back to summary</a></p>
<h3 id="m24">com.studennrol.testscripts.EmpRegisterPageTest#verifyRegistration</h3><table class="result"><tr class="param"><th>Parameter #1</th><th>Parameter #2</th><th>Parameter #3</th><th>Parameter #4</th><th>Parameter #5</th></tr><tr class="param stripe"><td>Arun Rengan</td><td>arun@12</td><td>arun12</td><td>Teacher</td><td>Invalid</td></tr></table><p class="totop"><a href="#summary">back to summary</a></p>
<h3 id="m25">com.studennrol.testscripts.EmpRegisterPageTest#verifyRegistration</h3><table class="result"><tr class="param"><th>Parameter #1</th><th>Parameter #2</th><th>Parameter #3</th><th>Parameter #4</th><th>Parameter #5</th></tr><tr class="param stripe"><td>Nila S P</td><td>nilasp0808@gmail.com</td><td>Nila0808@</td><td>Trainer</td><td>Valid</td></tr></table><p class="totop"><a href="#summary">back to summary</a></p>
<h3 id="m26">com.studennrol.testscripts.EmpSearchPgTest#studListDisp</h3><table class="result"><tr><th class="invisible"/></tr></table><p class="totop"><a href="#summary">back to summary</a></p>
<h3 id="m27">com.studennrol.testscripts.EmpStudDetailsPgTest#verifyEmpSearchPg</h3><table class="result"><tr><th class="invisible"/></tr></table><p class="totop"><a href="#summary">back to summary</a></p>
<h3 id="m28">com.studennrol.testscripts.HomePageTest#verifyCoursePage</h3><table class="result"><tr><th class="invisible"/></tr></table><p class="totop"><a href="#summary">back to summary</a></p>
<h3 id="m29">com.studennrol.testscripts.HomePageTest#verifyGoThruCoursePage</h3><table class="result"><tr><th class="invisible"/></tr></table><p class="totop"><a href="#summary">back to summary</a></p>
<h3 id="m30">com.studennrol.testscripts.HomePageTest#verifyHomePage</h3><table class="result"><tr><th class="invisible"/></tr></table><p class="totop"><a href="#summary">back to summary</a></p>
<h3 id="m31">com.studennrol.testscripts.LoginPageTest#verifyempSignupBtn</h3><table class="result"><tr><th class="invisible"/></tr></table><p class="totop"><a href="#summary">back to summary</a></p>
</body>
</html>
