<!DOCTYPE html>

<html>
  <head>
  <meta charset='utf-8'>
  <title>TestNG reports</title>

    <link type="text/css" href="testng-reports1.css" rel="stylesheet" id="ultra" />
    <link type="text/css" href="testng-reports.css" rel="stylesheet" id="retro" disabled="false"/>
    <script type="text/javascript" src="jquery.min.js"></script>
    <script type="text/javascript" src="testng-reports.js"></script>
    <script type="text/javascript" src="https://www.google.com/jsapi"></script>
    <script type='text/javascript'>
      google.load('visualization', '1', {packages:['table']});
      google.setOnLoadCallback(drawTable);
      var suiteTableInitFunctions = new Array();
      var suiteTableData = new Array();
    </script>
    <!--
      <script type="text/javascript" src="jquery-ui/js/jquery-ui-1.8.16.custom.min.js"></script>
     -->
  </head>

  <body>
    <div class="top-banner-root">
      <span class="top-banner-title-font">Test results</span>
      <button id="button" class="button">Switch Retro Theme</button> <!-- button -->
      <br/>
      <span class="top-banner-font-1">1 suite, 12 failed tests</span>
    </div> <!-- top-banner-root -->
    <div class="navigator-root">
      <div class="navigator-suite-header">
        <span>All suites</span>
        <a href="#" title="Collapse/expand all the suites" class="collapse-all-link">
          <img src="collapseall.gif" class="collapse-all-icon">
          </img> <!-- collapse-all-icon -->
        </a> <!-- collapse-all-link -->
      </div> <!-- navigator-suite-header -->
      <div class="suite">
        <div class="rounded-window">
          <div class="suite-header light-rounded-window-top">
            <a href="#" panel-name="suite-Suite" class="navigator-link">
              <span class="suite-name border-failed">Suite</span>
            </a> <!-- navigator-link -->
          </div> <!-- suite-header light-rounded-window-top -->
          <div class="navigator-suite-content">
            <div class="suite-section-title">
              <span>Info</span>
            </div> <!-- suite-section-title -->
            <div class="suite-section-content">
              <ul>
                <li>
                  <a href="#" panel-name="test-xml-Suite" class="navigator-link ">
                    <span>C:\Users\anilc\git\SES_DEMO\StudentEnrolmentSystem\SES_Testng.xml</span>
                  </a> <!-- navigator-link  -->
                </li>
                <li>
                  <a href="#" panel-name="testlist-Suite" class="navigator-link ">
                    <span class="test-stats">1 test</span>
                  </a> <!-- navigator-link  -->
                </li>
                <li>
                  <a href="#" panel-name="group-Suite" class="navigator-link ">
                    <span>0 groups</span>
                  </a> <!-- navigator-link  -->
                </li>
                <li>
                  <a href="#" panel-name="times-Suite" class="navigator-link ">
                    <span>Times</span>
                  </a> <!-- navigator-link  -->
                </li>
                <li>
                  <a href="#" panel-name="reporter-Suite" class="navigator-link ">
                    <span>Reporter output</span>
                  </a> <!-- navigator-link  -->
                </li>
                <li>
                  <a href="#" panel-name="ignored-methods-Suite" class="navigator-link ">
                    <span>Ignored methods</span>
                  </a> <!-- navigator-link  -->
                </li>
                <li>
                  <a href="#" panel-name="chronological-Suite" class="navigator-link ">
                    <span>Chronological view</span>
                  </a> <!-- navigator-link  -->
                </li>
              </ul>
            </div> <!-- suite-section-content -->
            <div class="result-section">
              <div class="suite-section-title">
                <span>Results</span>
              </div> <!-- suite-section-title -->
              <div class="suite-section-content">
                <ul>
                  <li>
                    <span class="method-stats">32 methods, 12 failed,   20 passed</span>
                  </li>
                  <li>
                    <span class="method-list-title failed">Failed methods</span>
                    <span class="show-or-hide-methods failed">
                      <a href="#" panel-name="suite-Suite" class="hide-methods failed suite-Suite"> (hide)</a> <!-- hide-methods failed suite-Suite -->
                      <a href="#" panel-name="suite-Suite" class="show-methods failed suite-Suite"> (show)</a> <!-- show-methods failed suite-Suite -->
                    </span>
                    <div class="method-list-content failed suite-Suite">
                      <span>
                        <img src="failed.png" width="3%"/>
                        <a href="#" panel-name="suite-Suite" title="com.studennrol.testscripts.EmpAllStudentPageTest" class="method navigator-link" hash-for-method="studDetailsBtnVerify">studDetailsBtnVerify</a> <!-- method navigator-link -->
                      </span>
                      <br/>
                      <span>
                        <img src="failed.png" width="3%"/>
                        <a href="#" panel-name="suite-Suite" title="com.studennrol.testscripts.EmpAllStudentPageTest" class="method navigator-link" hash-for-method="studMarkEnterBtnVerify">studMarkEnterBtnVerify</a> <!-- method navigator-link -->
                      </span>
                      <br/>
                      <span>
                        <img src="failed.png" width="3%"/>
                        <a href="#" panel-name="suite-Suite" title="com.studennrol.testscripts.EmpStudDetailsPgTest" class="method navigator-link" hash-for-method="studentMarkVerify">studentMarkVerify</a> <!-- method navigator-link -->
                      </span>
                      <br/>
                      <span>
                        <img src="failed.png" width="3%"/>
                        <a href="#" panel-name="suite-Suite" title="com.studennrol.testscripts.EmpStudDetailsPgTest" class="method navigator-link" hash-for-method="studentNameVerify">studentNameVerify</a> <!-- method navigator-link -->
                      </span>
                      <br/>
                      <span>
                        <img src="failed.png" width="3%"/>
                        <a href="#" panel-name="suite-Suite" title="com.studennrol.testscripts.EmpMarkEntryPageTest" class="method navigator-link" hash-for-method="verifyEENameTB">verifyEENameTB</a> <!-- method navigator-link -->
                      </span>
                      <br/>
                      <span>
                        <img src="failed.png" width="3%"/>
                        <a href="#" panel-name="suite-Suite" title="com.studennrol.testscripts.EmpMarkEntryPageTest" class="method navigator-link" hash-for-method="verifyInvalidEEMarkTB">verifyInvalidEEMarkTB</a> <!-- method navigator-link -->
                      </span>
                      <br/>
                      <span>
                        <img src="failed.png" width="3%"/>
                        <a href="#" panel-name="suite-Suite" title="com.studennrol.testscripts.EmpMarkEntryPageTest" class="method navigator-link" hash-for-method="verifyNullEEMarkTB">verifyNullEEMarkTB</a> <!-- method navigator-link -->
                      </span>
                      <br/>
                      <span>
                        <img src="failed.png" width="3%"/>
                        <a href="#" panel-name="suite-Suite" title="com.studennrol.testscripts.EmpProfileHomePgTest" class="method navigator-link" hash-for-method="verifyProfileName">verifyProfileName</a> <!-- method navigator-link -->
                      </span>
                      <br/>
                      <span>
                        <img src="failed.png" width="3%"/>
                        <a href="#" panel-name="suite-Suite" title="com.studennrol.testscripts.EmpRegisterPageTest" class="method navigator-link" hash-for-method="verifyRegistration(A, arun12@gmail.com, Arun1234@, T, Invalid)">verifyRegistration(A, arun12@gmail.com, Arun1234@, T, Invalid)</a> <!-- method navigator-link -->
                      </span>
                      <br/>
                      <span>
                        <img src="failed.png" width="3%"/>
                        <a href="#" panel-name="suite-Suite" title="com.studennrol.testscripts.EmpRegisterPageTest" class="method navigator-link" hash-for-method="verifyRegistration(#, arun12@gmail.com, Arun1234@, ^, Invalid)">verifyRegistration(#, arun12@gmail.com, Arun1234@, ^, Invalid)</a> <!-- method navigator-link -->
                      </span>
                      <br/>
                      <span>
                        <img src="failed.png" width="3%"/>
                        <a href="#" panel-name="suite-Suite" title="com.studennrol.testscripts.EmpRegisterPageTest" class="method navigator-link" hash-for-method="verifyRegistration(^1, arun12@gmail.com, Arun1234@, A2, Invalid)">verifyRegistration(^1, arun12@gmail.com, Arun1234@, A2, Invalid)</a> <!-- method navigator-link -->
                      </span>
                      <br/>
                      <span>
                        <img src="failed.png" width="3%"/>
                        <a href="#" panel-name="suite-Suite" title="com.studennrol.testscripts.EmpMarkEntryPageTest" class="method navigator-link" hash-for-method="verifyValidEEMarkTB">verifyValidEEMarkTB</a> <!-- method navigator-link -->
                      </span>
                      <br/>
                    </div> <!-- method-list-content failed suite-Suite -->
                  </li>
                  <li>
                    <span class="method-list-title passed">Passed methods</span>
                    <span class="show-or-hide-methods passed">
                      <a href="#" panel-name="suite-Suite" class="hide-methods passed suite-Suite"> (hide)</a> <!-- hide-methods passed suite-Suite -->
                      <a href="#" panel-name="suite-Suite" class="show-methods passed suite-Suite"> (show)</a> <!-- show-methods passed suite-Suite -->
                    </span>
                    <div class="method-list-content passed suite-Suite">
                      <span>
                        <img src="passed.png" width="3%"/>
                        <a href="#" panel-name="suite-Suite" title="com.studennrol.testscripts.EmpSearchPgTest" class="method navigator-link" hash-for-method="studListDisp">studListDisp</a> <!-- method navigator-link -->
                      </span>
                      <br/>
                      <span>
                        <img src="passed.png" width="3%"/>
                        <a href="#" panel-name="suite-Suite" title="com.studennrol.testscripts.HomePageTest" class="method navigator-link" hash-for-method="verifyCoursePage">verifyCoursePage</a> <!-- method navigator-link -->
                      </span>
                      <br/>
                      <span>
                        <img src="passed.png" width="3%"/>
                        <a href="#" panel-name="suite-Suite" title="com.studennrol.testscripts.CoursePageTest" class="method navigator-link" hash-for-method="verifyCourseSelect">verifyCourseSelect</a> <!-- method navigator-link -->
                      </span>
                      <br/>
                      <span>
                        <img src="passed.png" width="3%"/>
                        <a href="#" panel-name="suite-Suite" title="com.studennrol.testscripts.EmpProfileHomePgTest" class="method navigator-link" hash-for-method="verifyEmpAllStudPg">verifyEmpAllStudPg</a> <!-- method navigator-link -->
                      </span>
                      <br/>
                      <span>
                        <img src="passed.png" width="3%"/>
                        <a href="#" panel-name="suite-Suite" title="com.studennrol.testscripts.EmpStudDetailsPgTest" class="method navigator-link" hash-for-method="verifyEmpSearchPg">verifyEmpSearchPg</a> <!-- method navigator-link -->
                      </span>
                      <br/>
                      <span>
                        <img src="passed.png" width="3%"/>
                        <a href="#" panel-name="suite-Suite" title="com.studennrol.testscripts.HomePageTest" class="method navigator-link" hash-for-method="verifyGoThruCoursePage">verifyGoThruCoursePage</a> <!-- method navigator-link -->
                      </span>
                      <br/>
                      <span>
                        <img src="passed.png" width="3%"/>
                        <a href="#" panel-name="suite-Suite" title="com.studennrol.testscripts.EmpProfileHomePgTest" class="method navigator-link" hash-for-method="verifyHomeCourse">verifyHomeCourse</a> <!-- method navigator-link -->
                      </span>
                      <br/>
                      <span>
                        <img src="passed.png" width="3%"/>
                        <a href="#" panel-name="suite-Suite" title="com.studennrol.testscripts.HomePageTest" class="method navigator-link" hash-for-method="verifyHomePage">verifyHomePage</a> <!-- method navigator-link -->
                      </span>
                      <br/>
                      <span>
                        <img src="passed.png" width="3%"/>
                        <a href="#" panel-name="suite-Suite" title="com.studennrol.testscripts.CoursePageTest" class="method navigator-link" hash-for-method="verifyLoginPage">verifyLoginPage</a> <!-- method navigator-link -->
                      </span>
                      <br/>
                      <span>
                        <img src="passed.png" width="3%"/>
                        <a href="#" panel-name="suite-Suite" title="com.studennrol.testscripts.EmpRegisterPageTest" class="method navigator-link" hash-for-method="verifyRegistration( ,  ,  ,  , Invalid)">verifyRegistration( ,  ,  ,  , Invalid)</a> <!-- method navigator-link -->
                      </span>
                      <br/>
                      <span>
                        <img src="passed.png" width="3%"/>
                        <a href="#" panel-name="suite-Suite" title="com.studennrol.testscripts.EmpRegisterPageTest" class="method navigator-link" hash-for-method="verifyRegistration(Arun Rengan, arun@12, arun12, Teacher, Invalid)">verifyRegistration(Arun Rengan, arun@12, arun12, Teacher, Invalid)</a> <!-- method navigator-link -->
                      </span>
                      <br/>
                      <span>
                        <img src="passed.png" width="3%"/>
                        <a href="#" panel-name="suite-Suite" title="com.studennrol.testscripts.EmpRegisterPageTest" class="method navigator-link" hash-for-method="verifyRegistration(Nila S P, nilasp0808@gmail.com, Nila0808@, Trainer, Valid)">verifyRegistration(Nila S P, nilasp0808@gmail.com, Nila0808@, Trainer, Valid)</a> <!-- method navigator-link -->
                      </span>
                      <br/>
                      <span>
                        <img src="passed.png" width="3%"/>
                        <a href="#" panel-name="suite-Suite" title="com.studennrol.testscripts.EmpLoginPageTest" class="method navigator-link" hash-for-method="verifyValidLoginStud(aswinm0808@gmail.com, Aswin0808@, Employee, Valid)">verifyValidLoginStud(aswinm0808@gmail.com, Aswin0808@, Employee, Valid)</a> <!-- method navigator-link -->
                      </span>
                      <br/>
                      <span>
                        <img src="passed.png" width="3%"/>
                        <a href="#" panel-name="suite-Suite" title="com.studennrol.testscripts.EmpLoginPageTest" class="method navigator-link" hash-for-method="verifyValidLoginStud(aswinm0808@gmail.com, Aswin0808@, Student, Invalid)">verifyValidLoginStud(aswinm0808@gmail.com, Aswin0808@, Student, Invalid)</a> <!-- method navigator-link -->
                      </span>
                      <br/>
                      <span>
                        <img src="passed.png" width="3%"/>
                        <a href="#" panel-name="suite-Suite" title="com.studennrol.testscripts.EmpLoginPageTest" class="method navigator-link" hash-for-method="verifyValidLoginStud(nilasp0808@gmail.com, Nila0808@, Employee, Invalid)">verifyValidLoginStud(nilasp0808@gmail.com, Nila0808@, Employee, Invalid)</a> <!-- method navigator-link -->
                      </span>
                      <br/>
                      <span>
                        <img src="passed.png" width="3%"/>
                        <a href="#" panel-name="suite-Suite" title="com.studennrol.testscripts.EmpLoginPageTest" class="method navigator-link" hash-for-method="verifyValidLoginStud(aswinm0808@gmail.com, Aswin0808@, Admin, Invalid)">verifyValidLoginStud(aswinm0808@gmail.com, Aswin0808@, Admin, Invalid)</a> <!-- method navigator-link -->
                      </span>
                      <br/>
                      <span>
                        <img src="passed.png" width="3%"/>
                        <a href="#" panel-name="suite-Suite" title="com.studennrol.testscripts.EmpLoginPageTest" class="method navigator-link" hash-for-method="verifyValidLoginStud(aswinm0808@gmail.com, Aswin08568, Employee, Invalid)">verifyValidLoginStud(aswinm0808@gmail.com, Aswin08568, Employee, Invalid)</a> <!-- method navigator-link -->
                      </span>
                      <br/>
                      <span>
                        <img src="passed.png" width="3%"/>
                        <a href="#" panel-name="suite-Suite" title="com.studennrol.testscripts.EmpLoginPageTest" class="method navigator-link" hash-for-method="verifyValidLoginStud(aswin@gmail.com, Aswin0808@, Employee, Invalid)">verifyValidLoginStud(aswin@gmail.com, Aswin0808@, Employee, Invalid)</a> <!-- method navigator-link -->
                      </span>
                      <br/>
                      <span>
                        <img src="passed.png" width="3%"/>
                        <a href="#" panel-name="suite-Suite" title="com.studennrol.testscripts.EmpLoginPageTest" class="method navigator-link" hash-for-method="verifyValidLoginStud(aswin@gmail.com, Aswin08568, Employee, Invalid)">verifyValidLoginStud(aswin@gmail.com, Aswin08568, Employee, Invalid)</a> <!-- method navigator-link -->
                      </span>
                      <br/>
                      <span>
                        <img src="passed.png" width="3%"/>
                        <a href="#" panel-name="suite-Suite" title="com.studennrol.testscripts.LoginPageTest" class="method navigator-link" hash-for-method="verifyempSignupBtn">verifyempSignupBtn</a> <!-- method navigator-link -->
                      </span>
                      <br/>
                    </div> <!-- method-list-content passed suite-Suite -->
                  </li>
                </ul>
              </div> <!-- suite-section-content -->
            </div> <!-- result-section -->
          </div> <!-- navigator-suite-content -->
        </div> <!-- rounded-window -->
      </div> <!-- suite -->
    </div> <!-- navigator-root -->
    <div class="wrapper">
      <div class="main-panel-root">
        <div panel-name="suite-Suite" class="panel Suite">
          <div class="suite-Suite-class-failed">
            <div class="main-panel-header rounded-window-top">
              <img src="failed.png"/>
              <span class="class-name">com.studennrol.testscripts.EmpProfileHomePgTest</span>
            </div> <!-- main-panel-header rounded-window-top -->
            <div class="main-panel-content rounded-window-bottom">
              <div class="method">
                <div class="method-content">
                  <a name="verifyProfileName">
                  </a> <!-- verifyProfileName -->
                  <span class="method-name">verifyProfileName</span>
                  <div class="stack-trace">java.lang.AssertionError: expected [Login Successful, but Username of that loggedIn employee should be present in the Welcome Note] but found [false]
	at com.studennrol.testscripts.EmpProfileHomePgTest.verifyProfileName(EmpProfileHomePgTest.java:36)
	at java.base/java.util.ArrayList.forEach(ArrayList.java:1541)
... Removed 32 stack frames
</div> <!-- stack-trace -->
                </div> <!-- method-content -->
              </div> <!-- method -->
            </div> <!-- main-panel-content rounded-window-bottom -->
          </div> <!-- suite-Suite-class-failed -->
          <div class="suite-Suite-class-failed">
            <div class="main-panel-header rounded-window-top">
              <img src="failed.png"/>
              <span class="class-name">com.studennrol.testscripts.EmpAllStudentPageTest</span>
            </div> <!-- main-panel-header rounded-window-top -->
            <div class="main-panel-content rounded-window-bottom">
              <div class="method">
                <div class="method-content">
                  <a name="studDetailsBtnVerify">
                  </a> <!-- studDetailsBtnVerify -->
                  <span class="method-name">studDetailsBtnVerify</span>
                  <div class="stack-trace">java.lang.AssertionError: expected [null] but found [Veena]
	at com.studennrol.testscripts.EmpAllStudentPageTest.studDetailsBtnVerify(EmpAllStudentPageTest.java:28)
	at java.base/java.util.ArrayList.forEach(ArrayList.java:1541)
... Removed 33 stack frames
</div> <!-- stack-trace -->
                </div> <!-- method-content -->
              </div> <!-- method -->
              <div class="method">
                <div class="method-content">
                  <a name="studMarkEnterBtnVerify">
                  </a> <!-- studMarkEnterBtnVerify -->
                  <span class="method-name">studMarkEnterBtnVerify</span>
                  <div class="stack-trace">java.lang.AssertionError: expected [null] but found [Veena]
	at com.studennrol.testscripts.EmpAllStudentPageTest.studMarkEnterBtnVerify(EmpAllStudentPageTest.java:38)
	at java.base/java.util.ArrayList.forEach(ArrayList.java:1541)
... Removed 33 stack frames
</div> <!-- stack-trace -->
                </div> <!-- method-content -->
              </div> <!-- method -->
            </div> <!-- main-panel-content rounded-window-bottom -->
          </div> <!-- suite-Suite-class-failed -->
          <div class="suite-Suite-class-failed">
            <div class="main-panel-header rounded-window-top">
              <img src="failed.png"/>
              <span class="class-name">com.studennrol.testscripts.EmpStudDetailsPgTest</span>
            </div> <!-- main-panel-header rounded-window-top -->
            <div class="main-panel-content rounded-window-bottom">
              <div class="method">
                <div class="method-content">
                  <a name="studentMarkVerify">
                  </a> <!-- studentMarkVerify -->
                  <span class="method-name">studentMarkVerify</span>
                  <div class="stack-trace">org.openqa.selenium.NoSuchElementException: no such element: Unable to locate element: {&quot;method&quot;:&quot;xpath&quot;,&quot;selector&quot;:&quot;//div[@class=&apos;col-lg-4&apos;]//descendant::h3&quot;}
  (Session info: chrome=99.0.4844.74)
For documentation on this error, please visit: https://www.seleniumhq.org/exceptions/no_such_element.html
Build info: version: &apos;3.141.59&apos;, revision: &apos;e82be7d358&apos;, time: &apos;2018-11-14T08:25:53&apos;
System info: host: &apos;DEEPTI&apos;, ip: &apos;192.168.29.192&apos;, os.name: &apos;Windows 10&apos;, os.arch: &apos;amd64&apos;, os.version: &apos;10.0&apos;, java.version: &apos;11.0.13&apos;
Driver info: org.openqa.selenium.chrome.ChromeDriver
Capabilities {acceptInsecureCerts: false, browserName: chrome, browserVersion: 99.0.4844.74, chrome: {chromedriverVersion: 98.0.4758.102 (273bf7ac8c90..., userDataDir: C:\Users\anilc\AppData\Loca...}, goog:chromeOptions: {debuggerAddress: localhost:50312}, javascriptEnabled: true, networkConnectionEnabled: false, pageLoadStrategy: normal, platform: WINDOWS, platformName: WINDOWS, proxy: Proxy(), setWindowRect: true, strictFileInteractability: false, timeouts: {implicit: 0, pageLoad: 300000, script: 30000}, unhandledPromptBehavior: dismiss and notify, webauthn:extension:credBlob: true, webauthn:extension:largeBlob: true, webauthn:virtualAuthenticators: true}
Session ID: dbdac60d7bce4893923cefba92811254
*** Element info: {Using=xpath, value=//div[@class=&apos;col-lg-4&apos;]//descendant::h3}
	at org.openqa.selenium.remote.http.W3CHttpResponseCodec.createException(W3CHttpResponseCodec.java:187)
	at org.openqa.selenium.remote.http.W3CHttpResponseCodec.decode(W3CHttpResponseCodec.java:122)
	at org.openqa.selenium.remote.http.W3CHttpResponseCodec.decode(W3CHttpResponseCodec.java:49)
	at org.openqa.selenium.remote.HttpCommandExecutor.execute(HttpCommandExecutor.java:158)
	at org.openqa.selenium.remote.service.DriverCommandExecutor.execute(DriverCommandExecutor.java:83)
	at org.openqa.selenium.remote.RemoteWebDriver.execute(RemoteWebDriver.java:552)
	at org.openqa.selenium.remote.RemoteWebDriver.findElement(RemoteWebDriver.java:323)
	at org.openqa.selenium.remote.RemoteWebDriver.findElementByXPath(RemoteWebDriver.java:428)
	at org.openqa.selenium.By$ByXPath.findElement(By.java:353)
	at org.openqa.selenium.remote.RemoteWebDriver.findElement(RemoteWebDriver.java:315)
	at org.openqa.selenium.support.pagefactory.DefaultElementLocator.findElement(DefaultElementLocator.java:69)
	at org.openqa.selenium.support.pagefactory.internal.LocatingElementHandler.invoke(LocatingElementHandler.java:38)
	at com.sun.proxy.$Proxy14.getText(Unknown Source)
	at com.studenrol.pages.EmpStudDetailsPage.detailStudName(EmpStudDetailsPage.java:55)
	at com.studennrol.testscripts.EmpStudDetailsPgTest.studentMarkVerify(EmpStudDetailsPgTest.java:42)
	at java.base/java.util.ArrayList.forEach(ArrayList.java:1541)
... Removed 31 stack frames
</div> <!-- stack-trace -->
                </div> <!-- method-content -->
              </div> <!-- method -->
              <div class="method">
                <div class="method-content">
                  <a name="studentNameVerify">
                  </a> <!-- studentNameVerify -->
                  <span class="method-name">studentNameVerify</span>
                  <div class="stack-trace">org.openqa.selenium.NoSuchElementException: no such element: Unable to locate element: {&quot;method&quot;:&quot;xpath&quot;,&quot;selector&quot;:&quot;//div[@class=&apos;col-lg-4&apos;]//descendant::h3&quot;}
  (Session info: chrome=99.0.4844.74)
For documentation on this error, please visit: https://www.seleniumhq.org/exceptions/no_such_element.html
Build info: version: &apos;3.141.59&apos;, revision: &apos;e82be7d358&apos;, time: &apos;2018-11-14T08:25:53&apos;
System info: host: &apos;DEEPTI&apos;, ip: &apos;192.168.29.192&apos;, os.name: &apos;Windows 10&apos;, os.arch: &apos;amd64&apos;, os.version: &apos;10.0&apos;, java.version: &apos;11.0.13&apos;
Driver info: org.openqa.selenium.chrome.ChromeDriver
Capabilities {acceptInsecureCerts: false, browserName: chrome, browserVersion: 99.0.4844.74, chrome: {chromedriverVersion: 98.0.4758.102 (273bf7ac8c90..., userDataDir: C:\Users\anilc\AppData\Loca...}, goog:chromeOptions: {debuggerAddress: localhost:50312}, javascriptEnabled: true, networkConnectionEnabled: false, pageLoadStrategy: normal, platform: WINDOWS, platformName: WINDOWS, proxy: Proxy(), setWindowRect: true, strictFileInteractability: false, timeouts: {implicit: 0, pageLoad: 300000, script: 30000}, unhandledPromptBehavior: dismiss and notify, webauthn:extension:credBlob: true, webauthn:extension:largeBlob: true, webauthn:virtualAuthenticators: true}
Session ID: dbdac60d7bce4893923cefba92811254
*** Element info: {Using=xpath, value=//div[@class=&apos;col-lg-4&apos;]//descendant::h3}
	at org.openqa.selenium.remote.http.W3CHttpResponseCodec.createException(W3CHttpResponseCodec.java:187)
	at org.openqa.selenium.remote.http.W3CHttpResponseCodec.decode(W3CHttpResponseCodec.java:122)
	at org.openqa.selenium.remote.http.W3CHttpResponseCodec.decode(W3CHttpResponseCodec.java:49)
	at org.openqa.selenium.remote.HttpCommandExecutor.execute(HttpCommandExecutor.java:158)
	at org.openqa.selenium.remote.service.DriverCommandExecutor.execute(DriverCommandExecutor.java:83)
	at org.openqa.selenium.remote.RemoteWebDriver.execute(RemoteWebDriver.java:552)
	at org.openqa.selenium.remote.RemoteWebDriver.findElement(RemoteWebDriver.java:323)
	at org.openqa.selenium.remote.RemoteWebDriver.findElementByXPath(RemoteWebDriver.java:428)
	at org.openqa.selenium.By$ByXPath.findElement(By.java:353)
	at org.openqa.selenium.remote.RemoteWebDriver.findElement(RemoteWebDriver.java:315)
	at org.openqa.selenium.support.pagefactory.DefaultElementLocator.findElement(DefaultElementLocator.java:69)
	at org.openqa.selenium.support.pagefactory.internal.LocatingElementHandler.invoke(LocatingElementHandler.java:38)
	at com.sun.proxy.$Proxy14.getText(Unknown Source)
	at com.studenrol.pages.EmpStudDetailsPage.detailStudName(EmpStudDetailsPage.java:55)
	at com.studennrol.testscripts.EmpStudDetailsPgTest.studentNameVerify(EmpStudDetailsPgTest.java:23)
	at java.base/java.util.ArrayList.forEach(ArrayList.java:1541)
... Removed 31 stack frames
</div> <!-- stack-trace -->
                </div> <!-- method-content -->
              </div> <!-- method -->
            </div> <!-- main-panel-content rounded-window-bottom -->
          </div> <!-- suite-Suite-class-failed -->
          <div class="suite-Suite-class-failed">
            <div class="main-panel-header rounded-window-top">
              <img src="failed.png"/>
              <span class="class-name">com.studennrol.testscripts.EmpMarkEntryPageTest</span>
            </div> <!-- main-panel-header rounded-window-top -->
            <div class="main-panel-content rounded-window-bottom">
              <div class="method">
                <div class="method-content">
                  <a name="verifyEENameTB">
                  </a> <!-- verifyEENameTB -->
                  <span class="method-name">verifyEENameTB</span>
                  <div class="stack-trace">org.openqa.selenium.NoSuchElementException: no such element: Unable to locate element: {&quot;method&quot;:&quot;xpath&quot;,&quot;selector&quot;:&quot;//label[text()=&apos;Name&apos;]//following::input[@name=&apos;name&apos;]&quot;}
  (Session info: chrome=99.0.4844.74)
For documentation on this error, please visit: https://www.seleniumhq.org/exceptions/no_such_element.html
Build info: version: &apos;3.141.59&apos;, revision: &apos;e82be7d358&apos;, time: &apos;2018-11-14T08:25:53&apos;
System info: host: &apos;DEEPTI&apos;, ip: &apos;192.168.29.192&apos;, os.name: &apos;Windows 10&apos;, os.arch: &apos;amd64&apos;, os.version: &apos;10.0&apos;, java.version: &apos;11.0.13&apos;
Driver info: org.openqa.selenium.chrome.ChromeDriver
Capabilities {acceptInsecureCerts: false, browserName: chrome, browserVersion: 99.0.4844.74, chrome: {chromedriverVersion: 98.0.4758.102 (273bf7ac8c90..., userDataDir: C:\Users\anilc\AppData\Loca...}, goog:chromeOptions: {debuggerAddress: localhost:50312}, javascriptEnabled: true, networkConnectionEnabled: false, pageLoadStrategy: normal, platform: WINDOWS, platformName: WINDOWS, proxy: Proxy(), setWindowRect: true, strictFileInteractability: false, timeouts: {implicit: 0, pageLoad: 300000, script: 30000}, unhandledPromptBehavior: dismiss and notify, webauthn:extension:credBlob: true, webauthn:extension:largeBlob: true, webauthn:virtualAuthenticators: true}
Session ID: dbdac60d7bce4893923cefba92811254
*** Element info: {Using=xpath, value=//label[text()=&apos;Name&apos;]//following::input[@name=&apos;name&apos;]}
	at org.openqa.selenium.remote.http.W3CHttpResponseCodec.createException(W3CHttpResponseCodec.java:187)
	at org.openqa.selenium.remote.http.W3CHttpResponseCodec.decode(W3CHttpResponseCodec.java:122)
	at org.openqa.selenium.remote.http.W3CHttpResponseCodec.decode(W3CHttpResponseCodec.java:49)
	at org.openqa.selenium.remote.HttpCommandExecutor.execute(HttpCommandExecutor.java:158)
	at org.openqa.selenium.remote.service.DriverCommandExecutor.execute(DriverCommandExecutor.java:83)
	at org.openqa.selenium.remote.RemoteWebDriver.execute(RemoteWebDriver.java:552)
	at org.openqa.selenium.remote.RemoteWebDriver.findElement(RemoteWebDriver.java:323)
	at org.openqa.selenium.remote.RemoteWebDriver.findElementByXPath(RemoteWebDriver.java:428)
	at org.openqa.selenium.By$ByXPath.findElement(By.java:353)
	at org.openqa.selenium.remote.RemoteWebDriver.findElement(RemoteWebDriver.java:315)
	at org.openqa.selenium.support.pagefactory.DefaultElementLocator.findElement(DefaultElementLocator.java:69)
	at org.openqa.selenium.support.pagefactory.internal.LocatingElementHandler.invoke(LocatingElementHandler.java:38)
	at com.sun.proxy.$Proxy14.isEnabled(Unknown Source)
	at com.studenrol.pages.EmpMarkEntryPage.sNameTB(EmpMarkEntryPage.java:41)
	at com.studennrol.testscripts.EmpMarkEntryPageTest.verifyEENameTB(EmpMarkEntryPageTest.java:22)
	at java.base/java.util.ArrayList.forEach(ArrayList.java:1541)
... Removed 31 stack frames
</div> <!-- stack-trace -->
                </div> <!-- method-content -->
              </div> <!-- method -->
              <div class="method">
                <div class="method-content">
                  <a name="verifyInvalidEEMarkTB">
                  </a> <!-- verifyInvalidEEMarkTB -->
                  <span class="method-name">verifyInvalidEEMarkTB</span>
                  <div class="stack-trace">org.openqa.selenium.NoSuchElementException: no such element: Unable to locate element: {&quot;method&quot;:&quot;xpath&quot;,&quot;selector&quot;:&quot;//input[@name=&apos;techtraining&apos;]&quot;}
  (Session info: chrome=99.0.4844.74)
For documentation on this error, please visit: https://www.seleniumhq.org/exceptions/no_such_element.html
Build info: version: &apos;3.141.59&apos;, revision: &apos;e82be7d358&apos;, time: &apos;2018-11-14T08:25:53&apos;
System info: host: &apos;DEEPTI&apos;, ip: &apos;192.168.29.192&apos;, os.name: &apos;Windows 10&apos;, os.arch: &apos;amd64&apos;, os.version: &apos;10.0&apos;, java.version: &apos;11.0.13&apos;
Driver info: org.openqa.selenium.chrome.ChromeDriver
Capabilities {acceptInsecureCerts: false, browserName: chrome, browserVersion: 99.0.4844.74, chrome: {chromedriverVersion: 98.0.4758.102 (273bf7ac8c90..., userDataDir: C:\Users\anilc\AppData\Loca...}, goog:chromeOptions: {debuggerAddress: localhost:50312}, javascriptEnabled: true, networkConnectionEnabled: false, pageLoadStrategy: normal, platform: WINDOWS, platformName: WINDOWS, proxy: Proxy(), setWindowRect: true, strictFileInteractability: false, timeouts: {implicit: 0, pageLoad: 300000, script: 30000}, unhandledPromptBehavior: dismiss and notify, webauthn:extension:credBlob: true, webauthn:extension:largeBlob: true, webauthn:virtualAuthenticators: true}
Session ID: dbdac60d7bce4893923cefba92811254
*** Element info: {Using=xpath, value=//input[@name=&apos;techtraining&apos;]}
	at org.openqa.selenium.remote.http.W3CHttpResponseCodec.createException(W3CHttpResponseCodec.java:187)
	at org.openqa.selenium.remote.http.W3CHttpResponseCodec.decode(W3CHttpResponseCodec.java:122)
	at org.openqa.selenium.remote.http.W3CHttpResponseCodec.decode(W3CHttpResponseCodec.java:49)
	at org.openqa.selenium.remote.HttpCommandExecutor.execute(HttpCommandExecutor.java:158)
	at org.openqa.selenium.remote.service.DriverCommandExecutor.execute(DriverCommandExecutor.java:83)
	at org.openqa.selenium.remote.RemoteWebDriver.execute(RemoteWebDriver.java:552)
	at org.openqa.selenium.remote.RemoteWebDriver.findElement(RemoteWebDriver.java:323)
	at org.openqa.selenium.remote.RemoteWebDriver.findElementByXPath(RemoteWebDriver.java:428)
	at org.openqa.selenium.By$ByXPath.findElement(By.java:353)
	at org.openqa.selenium.remote.RemoteWebDriver.findElement(RemoteWebDriver.java:315)
	at org.openqa.selenium.support.pagefactory.DefaultElementLocator.findElement(DefaultElementLocator.java:69)
	at org.openqa.selenium.support.pagefactory.internal.LocatingElementHandler.invoke(LocatingElementHandler.java:38)
	at com.sun.proxy.$Proxy14.isEnabled(Unknown Source)
	at com.studenrol.pages.EmpMarkEntryPage.sEEMarkInvalidTB(EmpMarkEntryPage.java:83)
	at com.studennrol.testscripts.EmpMarkEntryPageTest.verifyInvalidEEMarkTB(EmpMarkEntryPageTest.java:44)
	at java.base/java.util.ArrayList.forEach(ArrayList.java:1541)
... Removed 31 stack frames
</div> <!-- stack-trace -->
                </div> <!-- method-content -->
              </div> <!-- method -->
              <div class="method">
                <div class="method-content">
                  <a name="verifyNullEEMarkTB">
                  </a> <!-- verifyNullEEMarkTB -->
                  <span class="method-name">verifyNullEEMarkTB</span>
                  <div class="stack-trace">org.openqa.selenium.NoSuchElementException: no such element: Unable to locate element: {&quot;method&quot;:&quot;xpath&quot;,&quot;selector&quot;:&quot;//input[@name=&apos;techtraining&apos;]&quot;}
  (Session info: chrome=99.0.4844.74)
For documentation on this error, please visit: https://www.seleniumhq.org/exceptions/no_such_element.html
Build info: version: &apos;3.141.59&apos;, revision: &apos;e82be7d358&apos;, time: &apos;2018-11-14T08:25:53&apos;
System info: host: &apos;DEEPTI&apos;, ip: &apos;192.168.29.192&apos;, os.name: &apos;Windows 10&apos;, os.arch: &apos;amd64&apos;, os.version: &apos;10.0&apos;, java.version: &apos;11.0.13&apos;
Driver info: org.openqa.selenium.chrome.ChromeDriver
Capabilities {acceptInsecureCerts: false, browserName: chrome, browserVersion: 99.0.4844.74, chrome: {chromedriverVersion: 98.0.4758.102 (273bf7ac8c90..., userDataDir: C:\Users\anilc\AppData\Loca...}, goog:chromeOptions: {debuggerAddress: localhost:50312}, javascriptEnabled: true, networkConnectionEnabled: false, pageLoadStrategy: normal, platform: WINDOWS, platformName: WINDOWS, proxy: Proxy(), setWindowRect: true, strictFileInteractability: false, timeouts: {implicit: 0, pageLoad: 300000, script: 30000}, unhandledPromptBehavior: dismiss and notify, webauthn:extension:credBlob: true, webauthn:extension:largeBlob: true, webauthn:virtualAuthenticators: true}
Session ID: dbdac60d7bce4893923cefba92811254
*** Element info: {Using=xpath, value=//input[@name=&apos;techtraining&apos;]}
	at org.openqa.selenium.remote.http.W3CHttpResponseCodec.createException(W3CHttpResponseCodec.java:187)
	at org.openqa.selenium.remote.http.W3CHttpResponseCodec.decode(W3CHttpResponseCodec.java:122)
	at org.openqa.selenium.remote.http.W3CHttpResponseCodec.decode(W3CHttpResponseCodec.java:49)
	at org.openqa.selenium.remote.HttpCommandExecutor.execute(HttpCommandExecutor.java:158)
	at org.openqa.selenium.remote.service.DriverCommandExecutor.execute(DriverCommandExecutor.java:83)
	at org.openqa.selenium.remote.RemoteWebDriver.execute(RemoteWebDriver.java:552)
	at org.openqa.selenium.remote.RemoteWebDriver.findElement(RemoteWebDriver.java:323)
	at org.openqa.selenium.remote.RemoteWebDriver.findElementByXPath(RemoteWebDriver.java:428)
	at org.openqa.selenium.By$ByXPath.findElement(By.java:353)
	at org.openqa.selenium.remote.RemoteWebDriver.findElement(RemoteWebDriver.java:315)
	at org.openqa.selenium.support.pagefactory.DefaultElementLocator.findElement(DefaultElementLocator.java:69)
	at org.openqa.selenium.support.pagefactory.internal.LocatingElementHandler.invoke(LocatingElementHandler.java:38)
	at com.sun.proxy.$Proxy14.isEnabled(Unknown Source)
	at com.studenrol.pages.EmpMarkEntryPage.sEEMarkInvalidTB(EmpMarkEntryPage.java:83)
	at com.studennrol.testscripts.EmpMarkEntryPageTest.verifyNullEEMarkTB(EmpMarkEntryPageTest.java:56)
	at java.base/java.util.ArrayList.forEach(ArrayList.java:1541)
... Removed 31 stack frames
</div> <!-- stack-trace -->
                </div> <!-- method-content -->
              </div> <!-- method -->
              <div class="method">
                <div class="method-content">
                  <a name="verifyValidEEMarkTB">
                  </a> <!-- verifyValidEEMarkTB -->
                  <span class="method-name">verifyValidEEMarkTB</span>
                  <div class="stack-trace">org.openqa.selenium.NoSuchElementException: no such element: Unable to locate element: {&quot;method&quot;:&quot;xpath&quot;,&quot;selector&quot;:&quot;//input[@name=&apos;techtraining&apos;]&quot;}
  (Session info: chrome=99.0.4844.74)
For documentation on this error, please visit: https://www.seleniumhq.org/exceptions/no_such_element.html
Build info: version: &apos;3.141.59&apos;, revision: &apos;e82be7d358&apos;, time: &apos;2018-11-14T08:25:53&apos;
System info: host: &apos;DEEPTI&apos;, ip: &apos;192.168.29.192&apos;, os.name: &apos;Windows 10&apos;, os.arch: &apos;amd64&apos;, os.version: &apos;10.0&apos;, java.version: &apos;11.0.13&apos;
Driver info: org.openqa.selenium.chrome.ChromeDriver
Capabilities {acceptInsecureCerts: false, browserName: chrome, browserVersion: 99.0.4844.74, chrome: {chromedriverVersion: 98.0.4758.102 (273bf7ac8c90..., userDataDir: C:\Users\anilc\AppData\Loca...}, goog:chromeOptions: {debuggerAddress: localhost:50312}, javascriptEnabled: true, networkConnectionEnabled: false, pageLoadStrategy: normal, platform: WINDOWS, platformName: WINDOWS, proxy: Proxy(), setWindowRect: true, strictFileInteractability: false, timeouts: {implicit: 0, pageLoad: 300000, script: 30000}, unhandledPromptBehavior: dismiss and notify, webauthn:extension:credBlob: true, webauthn:extension:largeBlob: true, webauthn:virtualAuthenticators: true}
Session ID: dbdac60d7bce4893923cefba92811254
*** Element info: {Using=xpath, value=//input[@name=&apos;techtraining&apos;]}
	at org.openqa.selenium.remote.http.W3CHttpResponseCodec.createException(W3CHttpResponseCodec.java:187)
	at org.openqa.selenium.remote.http.W3CHttpResponseCodec.decode(W3CHttpResponseCodec.java:122)
	at org.openqa.selenium.remote.http.W3CHttpResponseCodec.decode(W3CHttpResponseCodec.java:49)
	at org.openqa.selenium.remote.HttpCommandExecutor.execute(HttpCommandExecutor.java:158)
	at org.openqa.selenium.remote.service.DriverCommandExecutor.execute(DriverCommandExecutor.java:83)
	at org.openqa.selenium.remote.RemoteWebDriver.execute(RemoteWebDriver.java:552)
	at org.openqa.selenium.remote.RemoteWebDriver.findElement(RemoteWebDriver.java:323)
	at org.openqa.selenium.remote.RemoteWebDriver.findElementByXPath(RemoteWebDriver.java:428)
	at org.openqa.selenium.By$ByXPath.findElement(By.java:353)
	at org.openqa.selenium.remote.RemoteWebDriver.findElement(RemoteWebDriver.java:315)
	at org.openqa.selenium.support.pagefactory.DefaultElementLocator.findElement(DefaultElementLocator.java:69)
	at org.openqa.selenium.support.pagefactory.internal.LocatingElementHandler.invoke(LocatingElementHandler.java:38)
	at com.sun.proxy.$Proxy14.isEnabled(Unknown Source)
	at com.studenrol.pages.EmpMarkEntryPage.sEEMarkValidTB(EmpMarkEntryPage.java:72)
	at com.studennrol.testscripts.EmpMarkEntryPageTest.verifyValidEEMarkTB(EmpMarkEntryPageTest.java:33)
	at java.base/java.util.ArrayList.forEach(ArrayList.java:1541)
... Removed 31 stack frames
</div> <!-- stack-trace -->
                </div> <!-- method-content -->
              </div> <!-- method -->
            </div> <!-- main-panel-content rounded-window-bottom -->
          </div> <!-- suite-Suite-class-failed -->
          <div class="suite-Suite-class-failed">
            <div class="main-panel-header rounded-window-top">
              <img src="failed.png"/>
              <span class="class-name">com.studennrol.testscripts.EmpRegisterPageTest</span>
            </div> <!-- main-panel-header rounded-window-top -->
            <div class="main-panel-content rounded-window-bottom">
              <div class="method">
                <div class="method-content">
                  <a name="verifyRegistration(A, arun12@gmail.com, Arun1234@, T, Invalid)">
                  </a> <!-- verifyRegistration(A, arun12@gmail.com, Arun1234@, T, Invalid) -->
                  <span class="method-name">verifyRegistration</span>
                  <span class="parameters">(A, arun12@gmail.com, Arun1234@, T, Invalid)</span>
                  <div class="stack-trace">java.lang.AssertionError: Not validating NAME &amp; Role in Registration Form expected [true] but found [false]
	at com.studennrol.testscripts.EmpRegisterPageTest.verifyRegistration(EmpRegisterPageTest.java:43)
	at java.base/java.util.ArrayList.forEach(ArrayList.java:1541)
... Removed 30 stack frames
</div> <!-- stack-trace -->
                </div> <!-- method-content -->
              </div> <!-- method -->
              <div class="method">
                <div class="method-content">
                  <a name="verifyRegistration(#, arun12@gmail.com, Arun1234@, ^, Invalid)">
                  </a> <!-- verifyRegistration(#, arun12@gmail.com, Arun1234@, ^, Invalid) -->
                  <span class="method-name">verifyRegistration</span>
                  <span class="parameters">(#, arun12@gmail.com, Arun1234@, ^, Invalid)</span>
                  <div class="stack-trace">java.lang.AssertionError: Not validating NAME &amp; Role in Registration Form expected [true] but found [false]
	at com.studennrol.testscripts.EmpRegisterPageTest.verifyRegistration(EmpRegisterPageTest.java:43)
	at java.base/java.util.ArrayList.forEach(ArrayList.java:1541)
... Removed 30 stack frames
</div> <!-- stack-trace -->
                </div> <!-- method-content -->
              </div> <!-- method -->
              <div class="method">
                <div class="method-content">
                  <a name="verifyRegistration(^1, arun12@gmail.com, Arun1234@, A2, Invalid)">
                  </a> <!-- verifyRegistration(^1, arun12@gmail.com, Arun1234@, A2, Invalid) -->
                  <span class="method-name">verifyRegistration</span>
                  <span class="parameters">(^1, arun12@gmail.com, Arun1234@, A2, Invalid)</span>
                  <div class="stack-trace">java.lang.AssertionError: Not validating NAME &amp; Role in Registration Form expected [true] but found [false]
	at com.studennrol.testscripts.EmpRegisterPageTest.verifyRegistration(EmpRegisterPageTest.java:43)
	at java.base/java.util.ArrayList.forEach(ArrayList.java:1541)
... Removed 30 stack frames
</div> <!-- stack-trace -->
                </div> <!-- method-content -->
              </div> <!-- method -->
            </div> <!-- main-panel-content rounded-window-bottom -->
          </div> <!-- suite-Suite-class-failed -->
          <div class="suite-Suite-class-passed">
            <div class="main-panel-header rounded-window-top">
              <img src="passed.png"/>
              <span class="class-name">com.studennrol.testscripts.EmpProfileHomePgTest</span>
            </div> <!-- main-panel-header rounded-window-top -->
            <div class="main-panel-content rounded-window-bottom">
              <div class="method">
                <div class="method-content">
                  <a name="verifyEmpAllStudPg">
                  </a> <!-- verifyEmpAllStudPg -->
                  <span class="method-name">verifyEmpAllStudPg</span>
                </div> <!-- method-content -->
              </div> <!-- method -->
              <div class="method">
                <div class="method-content">
                  <a name="verifyHomeCourse">
                  </a> <!-- verifyHomeCourse -->
                  <span class="method-name">verifyHomeCourse</span>
                </div> <!-- method-content -->
              </div> <!-- method -->
            </div> <!-- main-panel-content rounded-window-bottom -->
          </div> <!-- suite-Suite-class-passed -->
          <div class="suite-Suite-class-passed">
            <div class="main-panel-header rounded-window-top">
              <img src="passed.png"/>
              <span class="class-name">com.studennrol.testscripts.CoursePageTest</span>
            </div> <!-- main-panel-header rounded-window-top -->
            <div class="main-panel-content rounded-window-bottom">
              <div class="method">
                <div class="method-content">
                  <a name="verifyCourseSelect">
                  </a> <!-- verifyCourseSelect -->
                  <span class="method-name">verifyCourseSelect</span>
                </div> <!-- method-content -->
              </div> <!-- method -->
              <div class="method">
                <div class="method-content">
                  <a name="verifyLoginPage">
                  </a> <!-- verifyLoginPage -->
                  <span class="method-name">verifyLoginPage</span>
                </div> <!-- method-content -->
              </div> <!-- method -->
            </div> <!-- main-panel-content rounded-window-bottom -->
          </div> <!-- suite-Suite-class-passed -->
          <div class="suite-Suite-class-passed">
            <div class="main-panel-header rounded-window-top">
              <img src="passed.png"/>
              <span class="class-name">com.studennrol.testscripts.HomePageTest</span>
            </div> <!-- main-panel-header rounded-window-top -->
            <div class="main-panel-content rounded-window-bottom">
              <div class="method">
                <div class="method-content">
                  <a name="verifyCoursePage">
                  </a> <!-- verifyCoursePage -->
                  <span class="method-name">verifyCoursePage</span>
                </div> <!-- method-content -->
              </div> <!-- method -->
              <div class="method">
                <div class="method-content">
                  <a name="verifyGoThruCoursePage">
                  </a> <!-- verifyGoThruCoursePage -->
                  <span class="method-name">verifyGoThruCoursePage</span>
                </div> <!-- method-content -->
              </div> <!-- method -->
              <div class="method">
                <div class="method-content">
                  <a name="verifyHomePage">
                  </a> <!-- verifyHomePage -->
                  <span class="method-name">verifyHomePage</span>
                </div> <!-- method-content -->
              </div> <!-- method -->
            </div> <!-- main-panel-content rounded-window-bottom -->
          </div> <!-- suite-Suite-class-passed -->
          <div class="suite-Suite-class-passed">
            <div class="main-panel-header rounded-window-top">
              <img src="passed.png"/>
              <span class="class-name">com.studennrol.testscripts.LoginPageTest</span>
            </div> <!-- main-panel-header rounded-window-top -->
            <div class="main-panel-content rounded-window-bottom">
              <div class="method">
                <div class="method-content">
                  <a name="verifyempSignupBtn">
                  </a> <!-- verifyempSignupBtn -->
                  <span class="method-name">verifyempSignupBtn</span>
                </div> <!-- method-content -->
              </div> <!-- method -->
            </div> <!-- main-panel-content rounded-window-bottom -->
          </div> <!-- suite-Suite-class-passed -->
          <div class="suite-Suite-class-passed">
            <div class="main-panel-header rounded-window-top">
              <img src="passed.png"/>
              <span class="class-name">com.studennrol.testscripts.EmpStudDetailsPgTest</span>
            </div> <!-- main-panel-header rounded-window-top -->
            <div class="main-panel-content rounded-window-bottom">
              <div class="method">
                <div class="method-content">
                  <a name="verifyEmpSearchPg">
                  </a> <!-- verifyEmpSearchPg -->
                  <span class="method-name">verifyEmpSearchPg</span>
                </div> <!-- method-content -->
              </div> <!-- method -->
            </div> <!-- main-panel-content rounded-window-bottom -->
          </div> <!-- suite-Suite-class-passed -->
          <div class="suite-Suite-class-passed">
            <div class="main-panel-header rounded-window-top">
              <img src="passed.png"/>
              <span class="class-name">com.studennrol.testscripts.EmpLoginPageTest</span>
            </div> <!-- main-panel-header rounded-window-top -->
            <div class="main-panel-content rounded-window-bottom">
              <div class="method">
                <div class="method-content">
                  <a name="verifyValidLoginStud(aswinm0808@gmail.com, Aswin0808@, Employee, Valid)">
                  </a> <!-- verifyValidLoginStud(aswinm0808@gmail.com, Aswin0808@, Employee, Valid) -->
                  <span class="method-name">verifyValidLoginStud</span>
                  <span class="parameters">(aswinm0808@gmail.com, Aswin0808@, Employee, Valid)</span>
                </div> <!-- method-content -->
              </div> <!-- method -->
              <div class="method">
                <div class="method-content">
                  <a name="verifyValidLoginStud(aswinm0808@gmail.com, Aswin0808@, Student, Invalid)">
                  </a> <!-- verifyValidLoginStud(aswinm0808@gmail.com, Aswin0808@, Student, Invalid) -->
                  <span class="method-name">verifyValidLoginStud</span>
                  <span class="parameters">(aswinm0808@gmail.com, Aswin0808@, Student, Invalid)</span>
                </div> <!-- method-content -->
              </div> <!-- method -->
              <div class="method">
                <div class="method-content">
                  <a name="verifyValidLoginStud(nilasp0808@gmail.com, Nila0808@, Employee, Invalid)">
                  </a> <!-- verifyValidLoginStud(nilasp0808@gmail.com, Nila0808@, Employee, Invalid) -->
                  <span class="method-name">verifyValidLoginStud</span>
                  <span class="parameters">(nilasp0808@gmail.com, Nila0808@, Employee, Invalid)</span>
                </div> <!-- method-content -->
              </div> <!-- method -->
              <div class="method">
                <div class="method-content">
                  <a name="verifyValidLoginStud(aswinm0808@gmail.com, Aswin0808@, Admin, Invalid)">
                  </a> <!-- verifyValidLoginStud(aswinm0808@gmail.com, Aswin0808@, Admin, Invalid) -->
                  <span class="method-name">verifyValidLoginStud</span>
                  <span class="parameters">(aswinm0808@gmail.com, Aswin0808@, Admin, Invalid)</span>
                </div> <!-- method-content -->
              </div> <!-- method -->
              <div class="method">
                <div class="method-content">
                  <a name="verifyValidLoginStud(aswinm0808@gmail.com, Aswin08568, Employee, Invalid)">
                  </a> <!-- verifyValidLoginStud(aswinm0808@gmail.com, Aswin08568, Employee, Invalid) -->
                  <span class="method-name">verifyValidLoginStud</span>
                  <span class="parameters">(aswinm0808@gmail.com, Aswin08568, Employee, Invalid)</span>
                </div> <!-- method-content -->
              </div> <!-- method -->
              <div class="method">
                <div class="method-content">
                  <a name="verifyValidLoginStud(aswin@gmail.com, Aswin0808@, Employee, Invalid)">
                  </a> <!-- verifyValidLoginStud(aswin@gmail.com, Aswin0808@, Employee, Invalid) -->
                  <span class="method-name">verifyValidLoginStud</span>
                  <span class="parameters">(aswin@gmail.com, Aswin0808@, Employee, Invalid)</span>
                </div> <!-- method-content -->
              </div> <!-- method -->
              <div class="method">
                <div class="method-content">
                  <a name="verifyValidLoginStud(aswin@gmail.com, Aswin08568, Employee, Invalid)">
                  </a> <!-- verifyValidLoginStud(aswin@gmail.com, Aswin08568, Employee, Invalid) -->
                  <span class="method-name">verifyValidLoginStud</span>
                  <span class="parameters">(aswin@gmail.com, Aswin08568, Employee, Invalid)</span>
                </div> <!-- method-content -->
              </div> <!-- method -->
            </div> <!-- main-panel-content rounded-window-bottom -->
          </div> <!-- suite-Suite-class-passed -->
          <div class="suite-Suite-class-passed">
            <div class="main-panel-header rounded-window-top">
              <img src="passed.png"/>
              <span class="class-name">com.studennrol.testscripts.EmpSearchPgTest</span>
            </div> <!-- main-panel-header rounded-window-top -->
            <div class="main-panel-content rounded-window-bottom">
              <div class="method">
                <div class="method-content">
                  <a name="studListDisp">
                  </a> <!-- studListDisp -->
                  <span class="method-name">studListDisp</span>
                </div> <!-- method-content -->
              </div> <!-- method -->
            </div> <!-- main-panel-content rounded-window-bottom -->
          </div> <!-- suite-Suite-class-passed -->
          <div class="suite-Suite-class-passed">
            <div class="main-panel-header rounded-window-top">
              <img src="passed.png"/>
              <span class="class-name">com.studennrol.testscripts.EmpRegisterPageTest</span>
            </div> <!-- main-panel-header rounded-window-top -->
            <div class="main-panel-content rounded-window-bottom">
              <div class="method">
                <div class="method-content">
                  <a name="verifyRegistration( ,  ,  ,  , Invalid)">
                  </a> <!-- verifyRegistration( ,  ,  ,  , Invalid) -->
                  <span class="method-name">verifyRegistration</span>
                  <span class="parameters">( ,  ,  ,  , Invalid)</span>
                </div> <!-- method-content -->
              </div> <!-- method -->
              <div class="method">
                <div class="method-content">
                  <a name="verifyRegistration(Arun Rengan, arun@12, arun12, Teacher, Invalid)">
                  </a> <!-- verifyRegistration(Arun Rengan, arun@12, arun12, Teacher, Invalid) -->
                  <span class="method-name">verifyRegistration</span>
                  <span class="parameters">(Arun Rengan, arun@12, arun12, Teacher, Invalid)</span>
                </div> <!-- method-content -->
              </div> <!-- method -->
              <div class="method">
                <div class="method-content">
                  <a name="verifyRegistration(Nila S P, nilasp0808@gmail.com, Nila0808@, Trainer, Valid)">
                  </a> <!-- verifyRegistration(Nila S P, nilasp0808@gmail.com, Nila0808@, Trainer, Valid) -->
                  <span class="method-name">verifyRegistration</span>
                  <span class="parameters">(Nila S P, nilasp0808@gmail.com, Nila0808@, Trainer, Valid)</span>
                </div> <!-- method-content -->
              </div> <!-- method -->
            </div> <!-- main-panel-content rounded-window-bottom -->
          </div> <!-- suite-Suite-class-passed -->
        </div> <!-- panel Suite -->
        <div panel-name="test-xml-Suite" class="panel">
          <div class="main-panel-header rounded-window-top">
            <span class="header-content">C:\Users\anilc\git\SES_DEMO\StudentEnrolmentSystem\SES_Testng.xml</span>
          </div> <!-- main-panel-header rounded-window-top -->
          <div class="main-panel-content rounded-window-bottom">
            <pre>
&lt;?xml version=&quot;1.0&quot; encoding=&quot;UTF-8&quot;?&gt;
&lt;!DOCTYPE suite SYSTEM &quot;https://testng.org/testng-1.0.dtd&quot;&gt;
&lt;suite name=&quot;Suite&quot; guice-stage=&quot;DEVELOPMENT&quot;&gt;
  &lt;test thread-count=&quot;5&quot; name=&quot;Test&quot;&gt;
    &lt;classes&gt;
      &lt;class name=&quot;com.studennrol.testscripts.HomePageTest&quot;/&gt;
      &lt;class name=&quot;com.studennrol.testscripts.CoursePageTest&quot;/&gt;
      &lt;class name=&quot;com.studennrol.testscripts.LoginPageTest&quot;/&gt;
      &lt;class name=&quot;com.studennrol.testscripts.EmpRegisterPageTest&quot;/&gt;
      &lt;class name=&quot;com.studennrol.testscripts.EmpLoginPageTest&quot;/&gt;
      &lt;class name=&quot;com.studennrol.testscripts.EmpProfileHomePgTest&quot;/&gt;
      &lt;class name=&quot;com.studennrol.testscripts.EmpAllStudentPageTest&quot;/&gt;
      &lt;class name=&quot;com.studennrol.testscripts.EmpMarkEntryPageTest&quot;/&gt;
      &lt;class name=&quot;com.studennrol.testscripts.EmpStudDetailsPgTest&quot;/&gt;
      &lt;class name=&quot;com.studennrol.testscripts.EmpSearchPgTest&quot;/&gt;
    &lt;/classes&gt;
  &lt;/test&gt; &lt;!-- Test --&gt;
&lt;/suite&gt; &lt;!-- Suite --&gt;
            </pre>
          </div> <!-- main-panel-content rounded-window-bottom -->
        </div> <!-- panel -->
        <div panel-name="testlist-Suite" class="panel">
          <div class="main-panel-header rounded-window-top">
            <span class="header-content">Tests for Suite</span>
          </div> <!-- main-panel-header rounded-window-top -->
          <div class="main-panel-content rounded-window-bottom">
            <ul>
              <li>
                <span class="test-name">Test (10 classes)</span>
              </li>
            </ul>
          </div> <!-- main-panel-content rounded-window-bottom -->
        </div> <!-- panel -->
        <div panel-name="group-Suite" class="panel">
          <div class="main-panel-header rounded-window-top">
            <span class="header-content">Groups for Suite</span>
          </div> <!-- main-panel-header rounded-window-top -->
          <div class="main-panel-content rounded-window-bottom">
          </div> <!-- main-panel-content rounded-window-bottom -->
        </div> <!-- panel -->
        <div panel-name="times-Suite" class="panel">
          <div class="main-panel-header rounded-window-top">
            <span class="header-content">Times for Suite</span>
          </div> <!-- main-panel-header rounded-window-top -->
          <div class="main-panel-content rounded-window-bottom">
            <div class="times-div">
              <script type="text/javascript">
suiteTableInitFunctions.push('tableData_Suite');
function tableData_Suite() {
var data = new google.visualization.DataTable();
data.addColumn('number', 'Number');
data.addColumn('string', 'Method');
data.addColumn('string', 'Class');
data.addColumn('number', 'Time (ms)');
data.addRows(32);
data.setCell(0, 0, 0)
data.setCell(0, 1, 'studListDisp')
data.setCell(0, 2, 'com.studennrol.testscripts.EmpSearchPgTest')
data.setCell(0, 3, 83325);
data.setCell(1, 0, 1)
data.setCell(1, 1, 'studDetailsBtnVerify')
data.setCell(1, 2, 'com.studennrol.testscripts.EmpAllStudentPageTest')
data.setCell(1, 3, 12140);
data.setCell(2, 0, 2)
data.setCell(2, 1, 'studMarkEnterBtnVerify')
data.setCell(2, 2, 'com.studennrol.testscripts.EmpAllStudentPageTest')
data.setCell(2, 3, 11062);
data.setCell(3, 0, 3)
data.setCell(3, 1, 'studentMarkVerify')
data.setCell(3, 2, 'com.studennrol.testscripts.EmpStudDetailsPgTest')
data.setCell(3, 3, 10068);
data.setCell(4, 0, 4)
data.setCell(4, 1, 'verifyNullEEMarkTB')
data.setCell(4, 2, 'com.studennrol.testscripts.EmpMarkEntryPageTest')
data.setCell(4, 3, 10058);
data.setCell(5, 0, 5)
data.setCell(5, 1, 'verifyInvalidEEMarkTB')
data.setCell(5, 2, 'com.studennrol.testscripts.EmpMarkEntryPageTest')
data.setCell(5, 3, 10055);
data.setCell(6, 0, 6)
data.setCell(6, 1, 'verifyEENameTB')
data.setCell(6, 2, 'com.studennrol.testscripts.EmpMarkEntryPageTest')
data.setCell(6, 3, 10052);
data.setCell(7, 0, 7)
data.setCell(7, 1, 'studentNameVerify')
data.setCell(7, 2, 'com.studennrol.testscripts.EmpStudDetailsPgTest')
data.setCell(7, 3, 10047);
data.setCell(8, 0, 8)
data.setCell(8, 1, 'verifyValidEEMarkTB')
data.setCell(8, 2, 'com.studennrol.testscripts.EmpMarkEntryPageTest')
data.setCell(8, 3, 10042);
data.setCell(9, 0, 9)
data.setCell(9, 1, 'verifyCourseSelect')
data.setCell(9, 2, 'com.studennrol.testscripts.CoursePageTest')
data.setCell(9, 3, 8087);
data.setCell(10, 0, 10)
data.setCell(10, 1, 'verifyRegistration')
data.setCell(10, 2, 'com.studennrol.testscripts.EmpRegisterPageTest')
data.setCell(10, 3, 5062);
data.setCell(11, 0, 11)
data.setCell(11, 1, 'verifyRegistration')
data.setCell(11, 2, 'com.studennrol.testscripts.EmpRegisterPageTest')
data.setCell(11, 3, 4895);
data.setCell(12, 0, 12)
data.setCell(12, 1, 'verifyRegistration')
data.setCell(12, 2, 'com.studennrol.testscripts.EmpRegisterPageTest')
data.setCell(12, 3, 4626);
data.setCell(13, 0, 13)
data.setCell(13, 1, 'verifyRegistration')
data.setCell(13, 2, 'com.studennrol.testscripts.EmpRegisterPageTest')
data.setCell(13, 3, 4574);
data.setCell(14, 0, 14)
data.setCell(14, 1, 'verifyRegistration')
data.setCell(14, 2, 'com.studennrol.testscripts.EmpRegisterPageTest')
data.setCell(14, 3, 4506);
data.setCell(15, 0, 15)
data.setCell(15, 1, 'verifyRegistration')
data.setCell(15, 2, 'com.studennrol.testscripts.EmpRegisterPageTest')
data.setCell(15, 3, 4476);
data.setCell(16, 0, 16)
data.setCell(16, 1, 'verifyValidLoginStud')
data.setCell(16, 2, 'com.studennrol.testscripts.EmpLoginPageTest')
data.setCell(16, 3, 3925);
data.setCell(17, 0, 17)
data.setCell(17, 1, 'verifyValidLoginStud')
data.setCell(17, 2, 'com.studennrol.testscripts.EmpLoginPageTest')
data.setCell(17, 3, 3912);
data.setCell(18, 0, 18)
data.setCell(18, 1, 'verifyValidLoginStud')
data.setCell(18, 2, 'com.studennrol.testscripts.EmpLoginPageTest')
data.setCell(18, 3, 3769);
data.setCell(19, 0, 19)
data.setCell(19, 1, 'verifyValidLoginStud')
data.setCell(19, 2, 'com.studennrol.testscripts.EmpLoginPageTest')
data.setCell(19, 3, 3748);
data.setCell(20, 0, 20)
data.setCell(20, 1, 'verifyValidLoginStud')
data.setCell(20, 2, 'com.studennrol.testscripts.EmpLoginPageTest')
data.setCell(20, 3, 3676);
data.setCell(21, 0, 21)
data.setCell(21, 1, 'verifyValidLoginStud')
data.setCell(21, 2, 'com.studennrol.testscripts.EmpLoginPageTest')
data.setCell(21, 3, 3480);
data.setCell(22, 0, 22)
data.setCell(22, 1, 'verifyValidLoginStud')
data.setCell(22, 2, 'com.studennrol.testscripts.EmpLoginPageTest')
data.setCell(22, 3, 3472);
data.setCell(23, 0, 23)
data.setCell(23, 1, 'verifyHomeCourse')
data.setCell(23, 2, 'com.studennrol.testscripts.EmpProfileHomePgTest')
data.setCell(23, 3, 2963);
data.setCell(24, 0, 24)
data.setCell(24, 1, 'verifyHomePage')
data.setCell(24, 2, 'com.studennrol.testscripts.HomePageTest')
data.setCell(24, 3, 2033);
data.setCell(25, 0, 25)
data.setCell(25, 1, 'verifyCoursePage')
data.setCell(25, 2, 'com.studennrol.testscripts.HomePageTest')
data.setCell(25, 3, 1864);
data.setCell(26, 0, 26)
data.setCell(26, 1, 'verifyGoThruCoursePage')
data.setCell(26, 2, 'com.studennrol.testscripts.HomePageTest')
data.setCell(26, 3, 1528);
data.setCell(27, 0, 27)
data.setCell(27, 1, 'verifyEmpAllStudPg')
data.setCell(27, 2, 'com.studennrol.testscripts.EmpProfileHomePgTest')
data.setCell(27, 3, 1399);
data.setCell(28, 0, 28)
data.setCell(28, 1, 'verifyEmpSearchPg')
data.setCell(28, 2, 'com.studennrol.testscripts.EmpStudDetailsPgTest')
data.setCell(28, 3, 1124);
data.setCell(29, 0, 29)
data.setCell(29, 1, 'verifyLoginPage')
data.setCell(29, 2, 'com.studennrol.testscripts.CoursePageTest')
data.setCell(29, 3, 1089);
data.setCell(30, 0, 30)
data.setCell(30, 1, 'verifyempSignupBtn')
data.setCell(30, 2, 'com.studennrol.testscripts.LoginPageTest')
data.setCell(30, 3, 164);
data.setCell(31, 0, 31)
data.setCell(31, 1, 'verifyProfileName')
data.setCell(31, 2, 'com.studennrol.testscripts.EmpProfileHomePgTest')
data.setCell(31, 3, 23);
window.suiteTableData['Suite']= { tableData: data, tableDiv: 'times-div-Suite'}
return data;
}
              </script>
              <span class="suite-total-time">Total running time: 4 minutes</span>
              <div id="times-div-Suite">
              </div> <!-- times-div-Suite -->
            </div> <!-- times-div -->
          </div> <!-- main-panel-content rounded-window-bottom -->
        </div> <!-- panel -->
        <div panel-name="reporter-Suite" class="panel">
          <div class="main-panel-header rounded-window-top">
            <span class="header-content">Reporter output for Suite</span>
          </div> <!-- main-panel-header rounded-window-top -->
          <div class="main-panel-content rounded-window-bottom">
          </div> <!-- main-panel-content rounded-window-bottom -->
        </div> <!-- panel -->
        <div panel-name="ignored-methods-Suite" class="panel">
          <div class="main-panel-header rounded-window-top">
            <span class="header-content">18 ignored methods</span>
          </div> <!-- main-panel-header rounded-window-top -->
          <div class="main-panel-content rounded-window-bottom">
            <div class="ignored-class-div">
              <span class="ignored-class-name">com.studennrol.testscripts.EmpProfileHomePgTest</span>
              <div class="ignored-methods-div">
                <span class="ignored-method-name">quitBrowser</span>
                <br/>
                <span class="ignored-method-name">browserSetup</span>
                <br/>
              </div> <!-- ignored-methods-div -->
            </div> <!-- ignored-class-div -->
            <div class="ignored-class-div">
              <span class="ignored-class-name">com.studennrol.testscripts.CoursePageTest</span>
              <div class="ignored-methods-div">
                <span class="ignored-method-name">quitBrowser</span>
                <br/>
                <span class="ignored-method-name">browserSetup</span>
                <br/>
              </div> <!-- ignored-methods-div -->
            </div> <!-- ignored-class-div -->
            <div class="ignored-class-div">
              <span class="ignored-class-name">com.studennrol.testscripts.EmpAllStudentPageTest</span>
              <div class="ignored-methods-div">
                <span class="ignored-method-name">quitBrowser</span>
                <br/>
                <span class="ignored-method-name">browserSetup</span>
                <br/>
              </div> <!-- ignored-methods-div -->
            </div> <!-- ignored-class-div -->
            <div class="ignored-class-div">
              <span class="ignored-class-name">com.studennrol.testscripts.LoginPageTest</span>
              <div class="ignored-methods-div">
                <span class="ignored-method-name">quitBrowser</span>
                <br/>
                <span class="ignored-method-name">browserSetup</span>
                <br/>
              </div> <!-- ignored-methods-div -->
            </div> <!-- ignored-class-div -->
            <div class="ignored-class-div">
              <span class="ignored-class-name">com.studennrol.testscripts.EmpStudDetailsPgTest</span>
              <div class="ignored-methods-div">
                <span class="ignored-method-name">quitBrowser</span>
                <br/>
                <span class="ignored-method-name">browserSetup</span>
                <br/>
              </div> <!-- ignored-methods-div -->
            </div> <!-- ignored-class-div -->
            <div class="ignored-class-div">
              <span class="ignored-class-name">com.studennrol.testscripts.EmpLoginPageTest</span>
              <div class="ignored-methods-div">
                <span class="ignored-method-name">quitBrowser</span>
                <br/>
                <span class="ignored-method-name">browserSetup</span>
                <br/>
              </div> <!-- ignored-methods-div -->
            </div> <!-- ignored-class-div -->
            <div class="ignored-class-div">
              <span class="ignored-class-name">com.studennrol.testscripts.EmpSearchPgTest</span>
              <div class="ignored-methods-div">
                <span class="ignored-method-name">quitBrowser</span>
                <br/>
                <span class="ignored-method-name">browserSetup</span>
                <br/>
              </div> <!-- ignored-methods-div -->
            </div> <!-- ignored-class-div -->
            <div class="ignored-class-div">
              <span class="ignored-class-name">com.studennrol.testscripts.EmpMarkEntryPageTest</span>
              <div class="ignored-methods-div">
                <span class="ignored-method-name">quitBrowser</span>
                <br/>
                <span class="ignored-method-name">browserSetup</span>
                <br/>
              </div> <!-- ignored-methods-div -->
            </div> <!-- ignored-class-div -->
            <div class="ignored-class-div">
              <span class="ignored-class-name">com.studennrol.testscripts.EmpRegisterPageTest</span>
              <div class="ignored-methods-div">
                <span class="ignored-method-name">quitBrowser</span>
                <br/>
                <span class="ignored-method-name">browserSetup</span>
                <br/>
              </div> <!-- ignored-methods-div -->
            </div> <!-- ignored-class-div -->
          </div> <!-- main-panel-content rounded-window-bottom -->
        </div> <!-- panel -->
        <div panel-name="chronological-Suite" class="panel">
          <div class="main-panel-header rounded-window-top">
            <span class="header-content">Methods in chronological order</span>
          </div> <!-- main-panel-header rounded-window-top -->
          <div class="main-panel-content rounded-window-bottom">
            <div class="chronological-class">
              <div class="chronological-class-name">com.studennrol.testscripts.HomePageTest</div> <!-- chronological-class-name -->
              <div class="configuration-test before">
                <span class="method-name">browserSetup</span>
                <span class="method-start">0 ms</span>
              </div> <!-- configuration-test before -->
              <div class="test-method">
                <span class="method-name">verifyHomePage</span>
                <span class="method-start">2644 ms</span>
              </div> <!-- test-method -->
              <div class="configuration-method after">
                <span class="method-name">tearDown([TestResult name=verifyHomePage status=SUCCESS method=HomePageTest.verifyHomePage()[pri:0, instance:...)</span>
                <span class="method-start">4678 ms</span>
              </div> <!-- configuration-method after -->
              <div class="test-method">
                <span class="method-name">verifyGoThruCoursePage</span>
                <span class="method-start">4681 ms</span>
              </div> <!-- test-method -->
              <div class="configuration-method after">
                <span class="method-name">tearDown([TestResult name=verifyGoThruCoursePage status=SUCCESS method=HomePageTest.verifyGoThruCoursePage()[...)</span>
                <span class="method-start">6210 ms</span>
              </div> <!-- configuration-method after -->
              <div class="test-method">
                <span class="method-name">verifyCoursePage</span>
                <span class="method-start">6211 ms</span>
              </div> <!-- test-method -->
              <div class="configuration-method after">
                <span class="method-name">tearDown([TestResult name=verifyCoursePage status=SUCCESS method=HomePageTest.verifyCoursePage()[pri:2, insta...)</span>
                <span class="method-start">8076 ms</span>
              </div> <!-- configuration-method after -->
            </div> <!-- chronological-class -->
            <div class="chronological-class">
              <div class="chronological-class-name">com.studennrol.testscripts.CoursePageTest</div> <!-- chronological-class-name -->
              <div class="test-method">
                <span class="method-name">verifyCourseSelect</span>
                <span class="method-start">8077 ms</span>
              </div> <!-- test-method -->
              <div class="test-method">
                <span class="method-name">verifyLoginPage</span>
                <span class="method-start">16164 ms</span>
              </div> <!-- test-method -->
              <div class="configuration-method after">
                <span class="method-name">tearDown([TestResult name=verifyCourseSelect status=SUCCESS method=CoursePageTest.verifyCourseSelect()[pri:0,...)</span>
                <span class="method-start">16164 ms</span>
              </div> <!-- configuration-method after -->
            </div> <!-- chronological-class -->
            <div class="chronological-class">
              <div class="chronological-class-name">com.studennrol.testscripts.LoginPageTest</div> <!-- chronological-class-name -->
              <div class="test-method">
                <span class="method-name">verifyempSignupBtn</span>
                <span class="method-start">17253 ms</span>
              </div> <!-- test-method -->
            </div> <!-- chronological-class -->
            <div class="chronological-class">
              <div class="chronological-class-name">com.studennrol.testscripts.CoursePageTest</div> <!-- chronological-class-name -->
              <div class="configuration-method after">
                <span class="method-name">tearDown([TestResult name=verifyLoginPage status=SUCCESS method=CoursePageTest.verifyLoginPage()[pri:1, insta...)</span>
                <span class="method-start">17253 ms</span>
              </div> <!-- configuration-method after -->
            </div> <!-- chronological-class -->
            <div class="chronological-class">
              <div class="chronological-class-name">com.studennrol.testscripts.LoginPageTest</div> <!-- chronological-class-name -->
              <div class="configuration-method after">
                <span class="method-name">tearDown([TestResult name=verifyempSignupBtn status=SUCCESS method=LoginPageTest.verifyempSignupBtn()[pri:0, ...)</span>
                <span class="method-start">17418 ms</span>
              </div> <!-- configuration-method after -->
            </div> <!-- chronological-class -->
            <div class="chronological-class">
              <div class="chronological-class-name">com.studennrol.testscripts.EmpRegisterPageTest</div> <!-- chronological-class-name -->
              <div class="test-method">
                <span class="method-name">verifyRegistration( ,  ,  ,  , Invalid)</span>
                <span class="method-start">17916 ms</span>
              </div> <!-- test-method -->
              <div class="configuration-method after">
                <span class="method-name">tearDown([TestResult name=verifyRegistration status=SUCCESS method=EmpRegisterPageTest.verifyRegistration(jav...)</span>
                <span class="method-start">22423 ms</span>
              </div> <!-- configuration-method after -->
              <div class="test-method">
                <span class="method-name">verifyRegistration(Arun Rengan, arun@12, arun12, Teacher, Invalid)</span>
                <span class="method-start">22425 ms</span>
              </div> <!-- test-method -->
              <div class="configuration-method after">
                <span class="method-name">tearDown([TestResult name=verifyRegistration status=SUCCESS method=EmpRegisterPageTest.verifyRegistration(jav...)</span>
                <span class="method-start">27489 ms</span>
              </div> <!-- configuration-method after -->
              <div class="test-method">
                <img src="failed.png">
                </img>
                <span class="method-name">verifyRegistration(A, arun12@gmail.com, Arun1234@, T, Invalid)</span>
                <span class="method-start">27490 ms</span>
              </div> <!-- test-method -->
              <div class="configuration-method after">
                <span class="method-name">tearDown([TestResult name=verifyRegistration status=FAILURE method=EmpRegisterPageTest.verifyRegistration(jav...)</span>
                <span class="method-start">32387 ms</span>
              </div> <!-- configuration-method after -->
              <div class="test-method">
                <img src="failed.png">
                </img>
                <span class="method-name">verifyRegistration(^1, arun12@gmail.com, Arun1234@, A2, Invalid)</span>
                <span class="method-start">32818 ms</span>
              </div> <!-- test-method -->
              <div class="configuration-method after">
                <span class="method-name">tearDown([TestResult name=verifyRegistration status=FAILURE method=EmpRegisterPageTest.verifyRegistration(jav...)</span>
                <span class="method-start">37393 ms</span>
              </div> <!-- configuration-method after -->
              <div class="test-method">
                <img src="failed.png">
                </img>
                <span class="method-name">verifyRegistration(#, arun12@gmail.com, Arun1234@, ^, Invalid)</span>
                <span class="method-start">37783 ms</span>
              </div> <!-- test-method -->
              <div class="configuration-method after">
                <span class="method-name">tearDown([TestResult name=verifyRegistration status=FAILURE method=EmpRegisterPageTest.verifyRegistration(jav...)</span>
                <span class="method-start">42409 ms</span>
              </div> <!-- configuration-method after -->
              <div class="test-method">
                <span class="method-name">verifyRegistration(Nila S P, nilasp0808@gmail.com, Nila0808@, Trainer, Valid)</span>
                <span class="method-start">42800 ms</span>
              </div> <!-- test-method -->
              <div class="configuration-method after">
                <span class="method-name">tearDown([TestResult name=verifyRegistration status=SUCCESS method=EmpRegisterPageTest.verifyRegistration(jav...)</span>
                <span class="method-start">47276 ms</span>
              </div> <!-- configuration-method after -->
            </div> <!-- chronological-class -->
            <div class="chronological-class">
              <div class="chronological-class-name">com.studennrol.testscripts.EmpLoginPageTest</div> <!-- chronological-class-name -->
              <div class="test-method">
                <span class="method-name">verifyValidLoginStud(nilasp0808@gmail.com, Nila0808@, Employee, Invalid)</span>
                <span class="method-start">47322 ms</span>
              </div> <!-- test-method -->
              <div class="configuration-method after">
                <span class="method-name">tearDown([TestResult name=verifyValidLoginStud status=SUCCESS method=EmpLoginPageTest.verifyValidLoginStud(ja...)</span>
                <span class="method-start">50795 ms</span>
              </div> <!-- configuration-method after -->
              <div class="test-method">
                <span class="method-name">verifyValidLoginStud(aswinm0808@gmail.com, Aswin0808@, Admin, Invalid)</span>
                <span class="method-start">50795 ms</span>
              </div> <!-- test-method -->
              <div class="configuration-method after">
                <span class="method-name">tearDown([TestResult name=verifyValidLoginStud status=SUCCESS method=EmpLoginPageTest.verifyValidLoginStud(ja...)</span>
                <span class="method-start">54565 ms</span>
              </div> <!-- configuration-method after -->
              <div class="test-method">
                <span class="method-name">verifyValidLoginStud(aswinm0808@gmail.com, Aswin0808@, Student, Invalid)</span>
                <span class="method-start">54565 ms</span>
              </div> <!-- test-method -->
              <div class="configuration-method after">
                <span class="method-name">tearDown([TestResult name=verifyValidLoginStud status=SUCCESS method=EmpLoginPageTest.verifyValidLoginStud(ja...)</span>
                <span class="method-start">58314 ms</span>
              </div> <!-- configuration-method after -->
              <div class="test-method">
                <span class="method-name">verifyValidLoginStud(aswin@gmail.com, Aswin0808@, Employee, Invalid)</span>
                <span class="method-start">58314 ms</span>
              </div> <!-- test-method -->
              <div class="configuration-method after">
                <span class="method-name">tearDown([TestResult name=verifyValidLoginStud status=SUCCESS method=EmpLoginPageTest.verifyValidLoginStud(ja...)</span>
                <span class="method-start">62228 ms</span>
              </div> <!-- configuration-method after -->
              <div class="test-method">
                <span class="method-name">verifyValidLoginStud(aswinm0808@gmail.com, Aswin08568, Employee, Invalid)</span>
                <span class="method-start">62231 ms</span>
              </div> <!-- test-method -->
              <div class="configuration-method after">
                <span class="method-name">tearDown([TestResult name=verifyValidLoginStud status=SUCCESS method=EmpLoginPageTest.verifyValidLoginStud(ja...)</span>
                <span class="method-start">65713 ms</span>
              </div> <!-- configuration-method after -->
              <div class="test-method">
                <span class="method-name">verifyValidLoginStud(aswin@gmail.com, Aswin08568, Employee, Invalid)</span>
                <span class="method-start">65714 ms</span>
              </div> <!-- test-method -->
              <div class="configuration-method after">
                <span class="method-name">tearDown([TestResult name=verifyValidLoginStud status=SUCCESS method=EmpLoginPageTest.verifyValidLoginStud(ja...)</span>
                <span class="method-start">69392 ms</span>
              </div> <!-- configuration-method after -->
              <div class="test-method">
                <span class="method-name">verifyValidLoginStud(aswinm0808@gmail.com, Aswin0808@, Employee, Valid)</span>
                <span class="method-start">69392 ms</span>
              </div> <!-- test-method -->
            </div> <!-- chronological-class -->
            <div class="chronological-class">
              <div class="chronological-class-name">com.studennrol.testscripts.EmpProfileHomePgTest</div> <!-- chronological-class-name -->
              <div class="test-method">
                <img src="failed.png">
                </img>
                <span class="method-name">verifyProfileName</span>
                <span class="method-start">73318 ms</span>
              </div> <!-- test-method -->
            </div> <!-- chronological-class -->
            <div class="chronological-class">
              <div class="chronological-class-name">com.studennrol.testscripts.EmpLoginPageTest</div> <!-- chronological-class-name -->
              <div class="configuration-method after">
                <span class="method-name">tearDown([TestResult name=verifyValidLoginStud status=SUCCESS method=EmpLoginPageTest.verifyValidLoginStud(ja...)</span>
                <span class="method-start">73318 ms</span>
              </div> <!-- configuration-method after -->
            </div> <!-- chronological-class -->
            <div class="chronological-class">
              <div class="chronological-class-name">com.studennrol.testscripts.EmpProfileHomePgTest</div> <!-- chronological-class-name -->
              <div class="configuration-method after">
                <span class="method-name">tearDown([TestResult name=verifyProfileName status=FAILURE method=EmpProfileHomePgTest.verifyProfileName()[pr...)</span>
                <span class="method-start">73342 ms</span>
              </div> <!-- configuration-method after -->
              <div class="test-method">
                <span class="method-name">verifyHomeCourse</span>
                <span class="method-start">73580 ms</span>
              </div> <!-- test-method -->
              <div class="configuration-method after">
                <span class="method-name">tearDown([TestResult name=verifyHomeCourse status=SUCCESS method=EmpProfileHomePgTest.verifyHomeCourse()[pri:...)</span>
                <span class="method-start">76544 ms</span>
              </div> <!-- configuration-method after -->
              <div class="test-method">
                <span class="method-name">verifyEmpAllStudPg</span>
                <span class="method-start">76545 ms</span>
              </div> <!-- test-method -->
            </div> <!-- chronological-class -->
            <div class="chronological-class">
              <div class="chronological-class-name">com.studennrol.testscripts.EmpAllStudentPageTest</div> <!-- chronological-class-name -->
              <div class="test-method">
                <img src="failed.png">
                </img>
                <span class="method-name">studDetailsBtnVerify</span>
                <span class="method-start">77944 ms</span>
              </div> <!-- test-method -->
            </div> <!-- chronological-class -->
            <div class="chronological-class">
              <div class="chronological-class-name">com.studennrol.testscripts.EmpProfileHomePgTest</div> <!-- chronological-class-name -->
              <div class="configuration-method after">
                <span class="method-name">tearDown([TestResult name=verifyEmpAllStudPg status=SUCCESS method=EmpProfileHomePgTest.verifyEmpAllStudPg()[...)</span>
                <span class="method-start">77944 ms</span>
              </div> <!-- configuration-method after -->
            </div> <!-- chronological-class -->
            <div class="chronological-class">
              <div class="chronological-class-name">com.studennrol.testscripts.EmpAllStudentPageTest</div> <!-- chronological-class-name -->
              <div class="configuration-method after">
                <span class="method-name">tearDown([TestResult name=studDetailsBtnVerify status=FAILURE method=EmpAllStudentPageTest.studDetailsBtnVeri...)</span>
                <span class="method-start">90085 ms</span>
              </div> <!-- configuration-method after -->
              <div class="test-method">
                <img src="failed.png">
                </img>
                <span class="method-name">studMarkEnterBtnVerify</span>
                <span class="method-start">90518 ms</span>
              </div> <!-- test-method -->
              <div class="configuration-method after">
                <span class="method-name">tearDown([TestResult name=studMarkEnterBtnVerify status=FAILURE method=EmpAllStudentPageTest.studMarkEnterBtn...)</span>
                <span class="method-start">101581 ms</span>
              </div> <!-- configuration-method after -->
            </div> <!-- chronological-class -->
            <div class="chronological-class">
              <div class="chronological-class-name">com.studennrol.testscripts.EmpMarkEntryPageTest</div> <!-- chronological-class-name -->
              <div class="test-method">
                <img src="failed.png">
                </img>
                <span class="method-name">verifyEENameTB</span>
                <span class="method-start">102010 ms</span>
              </div> <!-- test-method -->
              <div class="configuration-method after">
                <span class="method-name">tearDown([TestResult name=verifyEENameTB status=FAILURE method=EmpMarkEntryPageTest.verifyEENameTB()[pri:0, i...)</span>
                <span class="method-start">112063 ms</span>
              </div> <!-- configuration-method after -->
              <div class="test-method">
                <img src="failed.png">
                </img>
                <span class="method-name">verifyValidEEMarkTB</span>
                <span class="method-start">112479 ms</span>
              </div> <!-- test-method -->
              <div class="configuration-method after">
                <span class="method-name">tearDown([TestResult name=verifyValidEEMarkTB status=FAILURE method=EmpMarkEntryPageTest.verifyValidEEMarkTB(...)</span>
                <span class="method-start">122523 ms</span>
              </div> <!-- configuration-method after -->
              <div class="test-method">
                <img src="failed.png">
                </img>
                <span class="method-name">verifyInvalidEEMarkTB</span>
                <span class="method-start">122987 ms</span>
              </div> <!-- test-method -->
              <div class="configuration-method after">
                <span class="method-name">tearDown([TestResult name=verifyInvalidEEMarkTB status=FAILURE method=EmpMarkEntryPageTest.verifyInvalidEEMar...)</span>
                <span class="method-start">133043 ms</span>
              </div> <!-- configuration-method after -->
              <div class="test-method">
                <img src="failed.png">
                </img>
                <span class="method-name">verifyNullEEMarkTB</span>
                <span class="method-start">133462 ms</span>
              </div> <!-- test-method -->
              <div class="configuration-method after">
                <span class="method-name">tearDown([TestResult name=verifyNullEEMarkTB status=FAILURE method=EmpMarkEntryPageTest.verifyNullEEMarkTB()[...)</span>
                <span class="method-start">143522 ms</span>
              </div> <!-- configuration-method after -->
            </div> <!-- chronological-class -->
            <div class="chronological-class">
              <div class="chronological-class-name">com.studennrol.testscripts.EmpStudDetailsPgTest</div> <!-- chronological-class-name -->
              <div class="test-method">
                <img src="failed.png">
                </img>
                <span class="method-name">studentNameVerify</span>
                <span class="method-start">143951 ms</span>
              </div> <!-- test-method -->
              <div class="configuration-method after">
                <span class="method-name">tearDown([TestResult name=studentNameVerify status=FAILURE method=EmpStudDetailsPgTest.studentNameVerify()[pr...)</span>
                <span class="method-start">154000 ms</span>
              </div> <!-- configuration-method after -->
              <div class="test-method">
                <img src="failed.png">
                </img>
                <span class="method-name">studentMarkVerify</span>
                <span class="method-start">154434 ms</span>
              </div> <!-- test-method -->
              <div class="configuration-method after">
                <span class="method-name">tearDown([TestResult name=studentMarkVerify status=FAILURE method=EmpStudDetailsPgTest.studentMarkVerify()[pr...)</span>
                <span class="method-start">164504 ms</span>
              </div> <!-- configuration-method after -->
              <div class="test-method">
                <span class="method-name">verifyEmpSearchPg</span>
                <span class="method-start">164934 ms</span>
              </div> <!-- test-method -->
              <div class="configuration-method after">
                <span class="method-name">tearDown([TestResult name=verifyEmpSearchPg status=SUCCESS method=EmpStudDetailsPgTest.verifyEmpSearchPg()[pr...)</span>
                <span class="method-start">166058 ms</span>
              </div> <!-- configuration-method after -->
            </div> <!-- chronological-class -->
            <div class="chronological-class">
              <div class="chronological-class-name">com.studennrol.testscripts.EmpSearchPgTest</div> <!-- chronological-class-name -->
              <div class="test-method">
                <span class="method-name">studListDisp</span>
                <span class="method-start">166059 ms</span>
              </div> <!-- test-method -->
              <div class="configuration-method after">
                <span class="method-name">tearDown([TestResult name=studListDisp status=SUCCESS method=EmpSearchPgTest.studListDisp()[pri:0, instance:c...)</span>
                <span class="method-start">249385 ms</span>
              </div> <!-- configuration-method after -->
            </div> <!-- chronological-class -->
            <div class="chronological-class">
              <div class="chronological-class-name">com.studennrol.testscripts.HomePageTest</div> <!-- chronological-class-name -->
              <div class="configuration-test after">
                <span class="method-name">quitBrowser</span>
                <span class="method-start">249385 ms</span>
              </div> <!-- configuration-test after -->
          </div> <!-- main-panel-content rounded-window-bottom -->
        </div> <!-- panel -->
      </div> <!-- main-panel-root -->
    </div> <!-- wrapper -->
  </body>
<script type="text/javascript" src="testng-reports2.js"></script>
</html>
